"../../../../../../Jeux Unreal/StormJam/Content/ART/TEXTURE/airplane_DefaultMaterial_OcclusionRoughnessMetallic.uasset" 0
"../../../../../../Jeux Unreal/StormJam/Content/ART/TEXTURE/airplane_DefaultMaterial_BaseColor.uasset" 1
"../../../../../../Jeux Unreal/StormJam/Content/ART/airplane.uasset" 2
"../../../../../../Jeux Unreal/StormJam/Content/ART/airplane1_aiplane_1.uasset" 3
"../../../../../../Jeux Unreal/StormJam/Content/ART/airplane_aiplane_1.uasset" 4
"../../../../../../Jeux Unreal/StormJam/Content/ART/airplane1_airplane_2.uasset" 5
"../../../../../../Jeux Unreal/StormJam/Content/ART/airplane_airplane_2.uasset" 6
"../../../../../../Jeux Unreal/StormJam/Content/ART/airplane1_airplane_3.uasset" 7
"../../../../../../Jeux Unreal/StormJam/Content/ART/airplane_airplane_3.uasset" 8
"../../../../../../Jeux Unreal/StormJam/Content/ART/SMOKE_texture.uasset" 9
"../../../../../../Jeux Unreal/StormJam/Content/ART/TEXTURE/airplane_DefaultMaterial_Normal.uasset" 10
"../../../../../../Jeux Unreal/StormJam/Content/Sounds/AirplaneSound.uasset" 11
"../../../../../../Jeux Unreal/StormJam/Content/Sounds/SeatBelt.uasset" 12
"../../../../../../Jeux Unreal/StormJam/Content/Sounds/Turbulence3.uasset" 13
"../../../../../../Jeux Unreal/StormJam/Content/Sounds/Turbulence2.uasset" 14
"../../../../../../Jeux Unreal/StormJam/Content/Sounds/Turbulence1.uasset" 15
"../../../../../../Jeux Unreal/StormJam/Content/Sounds/TurbulenceCue.uasset" 16
"../../../../../../Jeux Unreal/StormJam/Content/Sounds/AirplaneAttenuation.uasset" 17
"../../../../../../Jeux Unreal/StormJam/Content/Blueprints/SizeEnum.uasset" 18
"../../../../../../Jeux Unreal/StormJam/Content/Blueprints/AirplaneBP.uasset" 19
"../../../../../../Jeux Unreal/StormJam/Content/Blueprints/AirplaneControllerBP.uasset" 20
"../../../../../../Jeux Unreal/StormJam/Content/Fonts/BauhausBoldItalic.uasset" 21
"../../../../../../Jeux Unreal/StormJam/Content/Fonts/BauhausBoldItalic_Font.uasset" 22
"../../../../../../Jeux Unreal/StormJam/Content/Fonts/BauhausBold.uasset" 23
"../../../../../../Jeux Unreal/StormJam/Content/Fonts/BauhausBold_Font.uasset" 24
"../../../../../../Jeux Unreal/StormJam/Content/Fonts/BAUHHL.uasset" 25
"../../../../../../Jeux Unreal/StormJam/Content/Fonts/BAUHHL_Font.uasset" 26
"../../../../../../Jeux Unreal/StormJam/Content/Fonts/BROOKH2.uasset" 27
"../../../../../../Jeux Unreal/StormJam/Content/Fonts/BROOKH2_Font.uasset" 28
"../../../../../../Jeux Unreal/StormJam/Content/Geometry/Meshes/CubeMaterial.uasset" 29
"../../../../../../Jeux Unreal/StormJam/Content/Geometry/Meshes/1M_Cube_Chamfer.uasset" 30
"../../../../../../Jeux Unreal/StormJam/Content/Geometry/Meshes/TemplateFloor.uasset" 31
"../../../../../../Jeux Unreal/StormJam/Content/Mannequin/Character/Mesh/UE4_Mannequin_Skeleton.uasset" 32
"../../../../../../Jeux Unreal/StormJam/Content/Mannequin/Animations/ThirdPersonJump_End.uasset" 33
"../../../../../../Jeux Unreal/StormJam/Content/Mannequin/Animations/ThirdPersonWalk.uasset" 34
"../../../../../../Jeux Unreal/StormJam/Content/Mannequin/Animations/ThirdPersonRun.uasset" 35
"../../../../../../Jeux Unreal/StormJam/Content/Mannequin/Animations/ThirdPersonIdle.uasset" 36
"../../../../../../Jeux Unreal/StormJam/Content/Mannequin/Animations/ThirdPerson_IdleRun_2D.uasset" 37
"../../../../../../Jeux Unreal/StormJam/Content/Mannequin/Animations/ThirdPerson_Jump.uasset" 38
"../../../../../../Jeux Unreal/StormJam/Content/Mannequin/Animations/ThirdPersonJump_Start.uasset" 39
"../../../../../../Jeux Unreal/StormJam/Content/Mannequin/Animations/ThirdPersonJump_Loop.uasset" 40
"../../../Engine/Content/EditorBlueprintResources/StandardMacros.uasset" 41
"../../../../../../Jeux Unreal/StormJam/Content/Mannequin/Animations/ThirdPerson_AnimBP.uasset" 42
"../../../../../../Jeux Unreal/StormJam/Content/Mannequin/Character/Textures/T_UE4Logo_Mask.uasset" 43
"../../../../../../Jeux Unreal/StormJam/Content/Mannequin/Character/Textures/T_Male_N.uasset" 44
"../../../../../../Jeux Unreal/StormJam/Content/Mannequin/Character/Textures/T_Male_Mask.uasset" 45
"../../../../../../Jeux Unreal/StormJam/Content/Mannequin/Character/Textures/T_Female_N.uasset" 46
"../../../../../../Jeux Unreal/StormJam/Content/Mannequin/Character/Textures/T_Female_Mask.uasset" 47
"../../../../../../Jeux Unreal/StormJam/Content/Mannequin/Character/Materials/MaterialLayers/T_ML_Rubber_Blue_01_N.uasset" 48
"../../../../../../Jeux Unreal/StormJam/Content/Mannequin/Character/Materials/MaterialLayers/T_ML_Rubber_Blue_01_D.uasset" 49
"../../../../../../Jeux Unreal/StormJam/Content/Mannequin/Character/Materials/MaterialLayers/T_ML_Aluminum01_N.uasset" 50
"../../../../../../Jeux Unreal/StormJam/Content/Mannequin/Character/Materials/MaterialLayers/T_ML_Aluminum01.uasset" 51
"../../../../../../Jeux Unreal/StormJam/Content/Mannequin/Character/Materials/MaterialLayers/ML_GlossyBlack_Latex_UE4.uasset" 52
"../../../Engine/Content/Functions/MaterialLayerFunctions/MatLayerBlend_Simple.uasset" 53
"../../../Engine/Content/Functions/Engine_MaterialFunctions02/Utility/BlendAngleCorrectedNormals.uasset" 54
"../../../Engine/Content/Functions/MaterialLayerFunctions/MatLayerBlend_NormalBlend.uasset" 55
"../../../../../../Jeux Unreal/StormJam/Content/Mannequin/Character/Materials/MaterialLayers/ML_SoftMetal_UE4.uasset" 56
"../../../../../../Jeux Unreal/StormJam/Content/Mannequin/Character/Materials/MaterialLayers/ML_Plastic_Shiny_Beige_LOGO.uasset" 57
"../../../../../../Jeux Unreal/StormJam/Content/Mannequin/Character/Materials/MaterialLayers/ML_Plastic_Shiny_Beige.uasset" 58
"../../../../../../Jeux Unreal/StormJam/Content/Mannequin/Character/Materials/M_Male_Body.uasset" 59
"../../../../../../Jeux Unreal/StormJam/Content/Mannequin/Character/Materials/MI_Female_Body.uasset" 60
"../../../../../../Jeux Unreal/StormJam/Content/Mannequin/Character/Mesh/SK_Mannequin_Female_PhysicsAsset.uasset" 61
"../../../../../../Jeux Unreal/StormJam/Content/Mannequin/Character/Textures/T_UE4Logo_N.uasset" 62
"../../../../../../Jeux Unreal/StormJam/Content/Mannequin/Character/Materials/M_UE4Man_ChestLogo.uasset" 63
"../../../../../../Jeux Unreal/StormJam/Content/Mannequin/Character/Mesh/SK_Mannequin_Female.uasset" 64
"../../../../../../Jeux Unreal/StormJam/Content/StarterContent/Materials/M_Basic_Wall.uasset" 65
"../../../../../../Jeux Unreal/StormJam/Content/StarterContent/Architecture/Pillar_50x500.uasset" 66
"../../../../../../Jeux Unreal/StormJam/Content/StarterContent/Architecture/Wall_400x300.uasset" 67
"../../../../../../Jeux Unreal/StormJam/Content/StarterContent/Architecture/Wall_400x400.uasset" 68
"../../../../../../Jeux Unreal/StormJam/Content/StarterContent/Architecture/Wall_500x500.uasset" 69
"../../../../../../Jeux Unreal/StormJam/Content/StarterContent/Architecture/Wall_Door_400x400.uasset" 70
"../../../../../../Jeux Unreal/StormJam/Content/StarterContent/Architecture/Wall_Window_400x400.uasset" 71
"../../../../../../Jeux Unreal/StormJam/Content/StarterContent/Audio/Collapse01.uasset" 72
"../../../../../../Jeux Unreal/StormJam/Content/StarterContent/Audio/Collapse02.uasset" 73
"../../../../../../Jeux Unreal/StormJam/Content/StarterContent/Audio/Explosion01.uasset" 74
"../../../../../../Jeux Unreal/StormJam/Content/StarterContent/Audio/Explosion02.uasset" 75
"../../../../../../Jeux Unreal/StormJam/Content/StarterContent/Audio/Fire01.uasset" 76
"../../../../../../Jeux Unreal/StormJam/Content/StarterContent/Audio/Fire_Sparks01.uasset" 77
"../../../../../../Jeux Unreal/StormJam/Content/StarterContent/Audio/Light01.uasset" 78
"../../../../../../Jeux Unreal/StormJam/Content/StarterContent/Audio/Light01_Cue.uasset" 79
"../../../../../../Jeux Unreal/StormJam/Content/StarterContent/Audio/Light02.uasset" 80
"../../../../../../Jeux Unreal/StormJam/Content/StarterContent/Audio/Light02_Cue.uasset" 81
"../../../../../../Jeux Unreal/StormJam/Content/StarterContent/Audio/Smoke01.uasset" 82
"../../../../../../Jeux Unreal/StormJam/Content/StarterContent/Audio/Starter_Birds01.uasset" 83
"../../../../../../Jeux Unreal/StormJam/Content/StarterContent/Audio/Starter_Music01.uasset" 84
"../../../../../../Jeux Unreal/StormJam/Content/StarterContent/Audio/Starter_Wind05.uasset" 85
"../../../../../../Jeux Unreal/StormJam/Content/StarterContent/Audio/Starter_Wind06.uasset" 86
"../../../../../../Jeux Unreal/StormJam/Content/StarterContent/Audio/Steam01.uasset" 87
"../../../../../../Jeux Unreal/StormJam/Content/StarterContent/Textures/T_Smoke_Tiled_D.uasset" 88
"../../../../../../Jeux Unreal/StormJam/Content/StarterContent/Textures/T_Smoke_SubUV.uasset" 89
"../../../../../../Jeux Unreal/StormJam/Content/StarterContent/Particles/Materials/M_smoke_subUV.uasset" 90
"../../../Engine/Content/Functions/Engine_MaterialFunctions01/Gradient/RadialGradient.uasset" 91
"../../../../../../Jeux Unreal/StormJam/Content/StarterContent/Particles/Materials/M_radial_ramp.uasset" 92
"../../../../../../Jeux Unreal/StormJam/Content/StarterContent/Particles/Materials/m_flare_01.uasset" 93
"../../../../../../Jeux Unreal/StormJam/Content/StarterContent/Textures/T_Explosion_SubUV.uasset" 94
"../../../../../../Jeux Unreal/StormJam/Content/StarterContent/Particles/Materials/M_explosion_subUV.uasset" 95
"../../../../../../Jeux Unreal/StormJam/Content/StarterContent/Textures/T_Burst_M.uasset" 96
"../../../../../../Jeux Unreal/StormJam/Content/StarterContent/Particles/Materials/M_Burst.uasset" 97
"../../../../../../Jeux Unreal/StormJam/Content/StarterContent/Particles/P_Explosion.uasset" 98
"../../../../../../Jeux Unreal/StormJam/Content/StarterContent/Audio/Explosion_Cue.uasset" 99
"../../../../../../Jeux Unreal/StormJam/Content/StarterContent/Blueprints/Blueprint_Effect_Explosion.uasset" 100
"../../../Engine/Content/EditorMeshes/ColorCalibrator/T_ColorGrid.uasset" 101
"../../../../../../Jeux Unreal/StormJam/Content/StarterContent/Materials/M_ColorGrid_LowSpec.uasset" 102
"../../../../../../Jeux Unreal/StormJam/Content/StarterContent/Textures/T_Bush_N.uasset" 103
"../../../../../../Jeux Unreal/StormJam/Content/StarterContent/Textures/T_Bush_D.uasset" 104
"../../../../../../Jeux Unreal/StormJam/Content/StarterContent/Props/Materials/M_Bush.uasset" 105
"../../../../../../Jeux Unreal/StormJam/Content/StarterContent/Props/SM_Bush.uasset" 106
"../../../../../../Jeux Unreal/StormJam/Content/StarterContent/Textures/T_Chair_N.uasset" 107
"../../../../../../Jeux Unreal/StormJam/Content/StarterContent/Textures/T_Chair_M.uasset" 108
"../../../../../../Jeux Unreal/StormJam/Content/StarterContent/Props/Materials/M_Chair.uasset" 109
"../../../../../../Jeux Unreal/StormJam/Content/StarterContent/Props/SM_Couch.uasset" 110
"../../../../../../Jeux Unreal/StormJam/Content/StarterContent/Textures/T_Door_N.uasset" 111
"../../../../../../Jeux Unreal/StormJam/Content/StarterContent/Textures/T_Door_M.uasset" 112
"../../../../../../Jeux Unreal/StormJam/Content/StarterContent/Props/Materials/M_Door.uasset" 113
"../../../../../../Jeux Unreal/StormJam/Content/StarterContent/Materials/M_Glass.uasset" 114
"../../../../../../Jeux Unreal/StormJam/Content/StarterContent/Props/SM_Door.uasset" 115
"../../../../../../Jeux Unreal/StormJam/Content/StarterContent/Props/Materials/M_MaterialSphere_Plain.uasset" 116
"../../../../../../Jeux Unreal/StormJam/Content/StarterContent/Props/Materials/M_MaterialSphere.uasset" 117
"../../../../../../Jeux Unreal/StormJam/Content/StarterContent/Props/SM_MatPreviewMesh_02.uasset" 118
"../../../../../../Jeux Unreal/StormJam/Content/StarterContent/Textures/T_RockMesh_N.uasset" 119
"../../../../../../Jeux Unreal/StormJam/Content/StarterContent/Textures/T_RockMesh_M.uasset" 120
"../../../../../../Jeux Unreal/StormJam/Content/StarterContent/Textures/T_Rock_Basalt_D.uasset" 121
"../../../../../../Jeux Unreal/StormJam/Content/StarterContent/Textures/T_Detail_Rocky_N.uasset" 122
"../../../../../../Jeux Unreal/StormJam/Content/StarterContent/Props/Materials/M_Rock.uasset" 123
"../../../../../../Jeux Unreal/StormJam/Content/StarterContent/Props/SM_Rock.uasset" 124
"../../../../../../Jeux Unreal/StormJam/Content/StarterContent/Textures/T_Shelf_N.uasset" 125
"../../../../../../Jeux Unreal/StormJam/Content/StarterContent/Textures/T_Shelf_M.uasset" 126
"../../../../../../Jeux Unreal/StormJam/Content/StarterContent/Props/Materials/M_Shelf.uasset" 127
"../../../../../../Jeux Unreal/StormJam/Content/StarterContent/Props/SM_Shelf.uasset" 128
"../../../../../../Jeux Unreal/StormJam/Content/StarterContent/Materials/M_Basic_Floor.uasset" 129
"../../../../../../Jeux Unreal/StormJam/Content/StarterContent/Props/SM_Stairs.uasset" 130
"../../../../../../Jeux Unreal/StormJam/Content/StarterContent/Shapes/Shape_Cone.uasset" 131
"../../../../../../Jeux Unreal/StormJam/Content/StarterContent/Shapes/Shape_Cylinder.uasset" 132
"../../../../../../Jeux Unreal/StormJam/Content/StarterContent/Shapes/Shape_NarrowCapsule.uasset" 133
"../../../../../../Jeux Unreal/StormJam/Content/StarterContent/Shapes/Shape_Pipe.uasset" 134
"../../../../../../Jeux Unreal/StormJam/Content/StarterContent/Shapes/Shape_Pipe_180.uasset" 135
"../../../../../../Jeux Unreal/StormJam/Content/StarterContent/Shapes/Shape_Pipe_90.uasset" 136
"../../../../../../Jeux Unreal/StormJam/Content/StarterContent/Shapes/Shape_Plane.uasset" 137
"../../../../../../Jeux Unreal/StormJam/Content/StarterContent/Shapes/Shape_Torus.uasset" 138
"../../../../../../Jeux Unreal/StormJam/Content/StarterContent/Shapes/Shape_Trim.uasset" 139
"../../../../../../Jeux Unreal/StormJam/Content/StarterContent/Shapes/Shape_Trim_90_In.uasset" 140
"../../../../../../Jeux Unreal/StormJam/Content/StarterContent/Shapes/Shape_Trim_90_Out.uasset" 141
"../../../../../../Jeux Unreal/StormJam/Content/StarterContent/Shapes/Shape_TriPyramid.uasset" 142
"../../../../../../Jeux Unreal/StormJam/Content/StarterContent/Shapes/Shape_Tube.uasset" 143
"../../../../../../Jeux Unreal/StormJam/Content/StarterContent/Shapes/Shape_Wedge_A.uasset" 144
"../../../../../../Jeux Unreal/StormJam/Content/StarterContent/Shapes/Shape_Wedge_B.uasset" 145
"../../../../../../Jeux Unreal/StormJam/Content/StarterContent/Shapes/Shape_WideCapsule.uasset" 146
"../../../../../../Jeux Unreal/StormJam/Content/TopDownBP/TopDownOverview.uasset" 147
"../../../../../../Jeux Unreal/StormJam/Content/WaterMaterials/Maps/Camera_Sequence.uasset" 148
"../../../Engine/Content/Animation/DefaultAnimBoneCompressionSettings.uasset" 149
"../../../Engine/Content/Animation/DefaultAnimCurveCompressionSettings.uasset" 150
"../../../Engine/Content/EngineMaterials/T_Default_Material_Grid_N.uasset" 151
"../../../Engine/Content/EngineMaterials/T_Default_Material_Grid_M.uasset" 152
"../../../Engine/Content/Functions/Engine_MaterialFunctions01/Opacity/CameraDepthFade.uasset" 153
"../../../Engine/Content/EngineMaterials/WorldGridMaterial.uasset" 154
"../../../Engine/Content/ArtTools/RenderToTexture/Meshes/S_1_Unit_Plane.uasset" 155
"../../../Engine/Content/EngineMaterials/DefaultMaterial.uasset" 156
"../../../Engine/Content/BasicShapes/Cone.uasset" 157
"../../../Engine/Content/BasicShapes/Sphere.uasset" 158
"../../../Engine/Content/EditorLandscapeResources/DataLayer.uasset" 159
"../../../Engine/Content/EditorLandscapeResources/DefaultAlphaTexture.uasset" 160
"../../../Engine/Content/EditorMaterials/MAT_Groups_Toggle.uasset" 161
"../../../Engine/Content/EditorMaterials/MAT_Groups_Visibility.uasset" 162
"../../../Engine/Content/EditorMaterials/PreviewShadowIndicator.uasset" 163
"../../../Engine/Content/EditorMaterials/PreviewShadowIndicatorMaterial.uasset" 164
"../../../Engine/Content/EditorMaterials/MatineeGroups/MAT_ColorTrack.uasset" 165
"../../../Engine/Content/EditorMaterials/MatineeGroups/MAT_Groups_Anim.uasset" 166
"../../../Engine/Content/EditorMaterials/MatineeGroups/MAT_Groups_AudioMaster.uasset" 167
"../../../Engine/Content/EditorMaterials/MatineeGroups/MAT_Groups_Director.uasset" 168
"../../../Engine/Content/EditorMaterials/MatineeGroups/MAT_Groups_Event.uasset" 169
"../../../Engine/Content/EditorMaterials/MatineeGroups/MAT_Groups_Fade.uasset" 170
"../../../Engine/Content/EditorMaterials/MatineeGroups/MAT_Groups_Float.uasset" 171
"../../../Engine/Content/EditorMaterials/MatineeGroups/MAT_Groups_Move.uasset" 172
"../../../Engine/Content/EditorMaterials/MatineeGroups/MAT_Groups_Slomo.uasset" 173
"../../../Engine/Content/EditorMaterials/MatineeGroups/MAT_Groups_Sound.uasset" 174
"../../../Engine/Content/EditorMaterials/MatineeGroups/MAT_Groups_Vector.uasset" 175
"../../../Engine/Content/EditorMaterials/ParticleSystems/PSysThumbnail_NoImage.uasset" 176
"../../../Engine/Content/EditorMaterials/ParticleSystems/PSysThumbnail_OOD.uasset" 177
"../../../Engine/Content/EditorMaterials/Camera/CineMat.uasset" 178
"../../../Engine/Content/EditorMaterials/Camera/MI_CineMat_Rig.uasset" 179
"../../../Engine/Content/EditorMeshes/Camera/SM_CraneRig_Arm.uasset" 180
"../../../Engine/Content/EditorMeshes/Camera/SM_CraneRig_Base.uasset" 181
"../../../Engine/Content/EditorMeshes/Camera/SM_CraneRig_Body.uasset" 182
"../../../Engine/Content/EditorMeshes/Camera/SM_CraneRig_Mount.uasset" 183
"../../../Engine/Content/EditorMeshes/Camera/SM_RailRig_Mount.uasset" 184
"../../../Engine/Content/EditorMeshes/Camera/SM_RailRig_Track.uasset" 185
"../../../Engine/Content/EditorResources/BSPVertex.uasset" 186
"../../../Engine/Content/EditorResources/EmptyActor.uasset" 187
"../../../Engine/Content/EditorResources/S_Actor.uasset" 188
"../../../Engine/Content/EditorResources/S_Note.uasset" 189
"../../../Engine/Content/EditorResources/S_Solver.uasset" 190
"../../../Engine/Content/EditorResources/S_Terrain.uasset" 191
"../../../Engine/Content/EditorResources/S_Trigger.uasset" 192
"../../../Engine/Content/EditorResources/AudioIcons/S_AudioComponent.uasset" 193
"../../../Engine/Content/EditorResources/AudioIcons/S_AudioComponent_AutoActivate.uasset" 194
"../../../Engine/Content/EditorResources/LightIcons/S_LightError.uasset" 195
"../../../Engine/Content/EditorResources/SequenceRecorder/Countdown.uasset" 196
"../../../Engine/Content/EditorResources/SequenceRecorder/RecordingIndicator.uasset" 197
"../../../Engine/Content/EngineDamageTypes/DmgTypeBP_Environmental.uasset" 198
"../../../Engine/Content/EngineDebugMaterials/DebugEditorMaterial.uasset" 199
"../../../Engine/Content/EngineDebugMaterials/DebugMeshMaterial.uasset" 200
"../../../Engine/Content/EngineDebugMaterials/M_SimpleUnlitTranslucent.uasset" 201
"../../../Engine/Content/EngineDebugMaterials/VolumeToRender.uasset" 202
"../../../Engine/Content/Functions/Engine_MaterialFunctions02/Utility/CameraDirectionVector.uasset" 203
"../../../Engine/Content/EngineDebugMaterials/M_VolumeRenderSphereTracePP.uasset" 204
"../../../Engine/Content/Functions/Engine_MaterialFunctions01/Shading/ConvertFromDiffSpec.uasset" 205
"../../../Engine/Content/EngineDebugMaterials/VertexColorMaterial.uasset" 206
"../../../Engine/Content/EngineDebugMaterials/WireframeMaterial.uasset" 207
"../../../Engine/Content/EngineFonts/Faces/RobotoRegular.uasset" 208
"../../../Engine/Content/EngineFonts/Faces/RobotoLight.uasset" 209
"../../../Engine/Content/EngineFonts/Faces/RobotoItalic.uasset" 210
"../../../Engine/Content/EngineFonts/Faces/RobotoBoldItalic.uasset" 211
"../../../Engine/Content/EngineFonts/Faces/RobotoBold.uasset" 212
"../../../Engine/Content/EngineFonts/Faces/DroidSansFallback.uasset" 213
"../../../Engine/Content/EngineFonts/Roboto.uasset" 214
"../../../Engine/Content/EngineMaterials/BaseFlattenNormalMap.uasset" 215
"../../../Engine/Content/EngineMaterials/BaseFlattenGrayscaleMap.uasset" 216
"../../../Engine/Content/EngineMaterials/BaseFlattenEmissiveMap.uasset" 217
"../../../Engine/Content/EngineMaterials/BaseFlattenDiffuseMap.uasset" 218
"../../../Engine/Content/EngineMaterials/BaseFlattenMaterial.uasset" 219
"../../../Engine/Content/EngineMaterials/BlueNoise.uasset" 220
"../../../Engine/Content/EngineMaterials/DefaultBloomKernel.uasset" 221
"../../../Engine/Content/EngineMaterials/DefaultBokeh.uasset" 222
"../../../Engine/Content/EngineMaterials/DefaultDiffuse.uasset" 223
"../../../Engine/Content/EngineMaterials/DefaultDeferredDecalMaterial.uasset" 224
"../../../Engine/Content/EngineMaterials/DefaultLightFunctionMaterial.uasset" 225
"../../../Engine/Content/EngineMaterials/DefaultPhysicalMaterial.uasset" 226
"../../../Engine/Content/Functions/Engine_MaterialFunctions02/Utility/BreakOutFloat2Components.uasset" 227
"../../../Engine/Content/EngineMaterials/DefaultPostProcessMaterial.uasset" 228
"../../../Engine/Content/EngineFonts/RobotoDistanceField.uasset" 229
"../../../Engine/Content/EngineMaterials/DefaultTextMaterialOpaque.uasset" 230
"../../../Engine/Content/EngineMaterials/DefaultWhiteGrid.uasset" 231
"../../../Engine/Content/EngineMaterials/DefaultWhiteGrid_Low.uasset" 232
"../../../Engine/Content/EngineMaterials/EmissiveMeshMaterial.uasset" 233
"../../../Engine/Content/EngineMaterials/GizmoMaterial.uasset" 234
"../../../Engine/Content/EngineMaterials/MiniFont.uasset" 235
"../../../Engine/Content/EngineMaterials/InvalidLightmapSettings.uasset" 236
"../../../Engine/Content/EngineMaterials/M_InvalidLightmapSettings.uasset" 237
"../../../Engine/Content/Functions/Engine_MaterialFunctions02/WorldPositionOffset/CameraOffset.uasset" 238
"../../../Engine/Content/EngineMaterials/PhAT_JointLimitMaterial.uasset" 239
"../../../Engine/Content/EngineMaterials/PreintegratedSkinBRDF.uasset" 240
"../../../Engine/Content/EngineMaterials/RemoveSurfaceMaterial.uasset" 241
"../../../Engine/Content/EngineMaterials/WeightMapPlaceholderTexture.uasset" 242
"../../../Engine/Content/EngineResources/WhiteSquareTexture.uasset" 243
"../../../Engine/Content/EngineMaterials/Widget3DPassThrough.uasset" 244
"../../../Engine/Content/EngineMaterials/Widget3DPassThrough_Masked.uasset" 245
"../../../Engine/Content/EngineMaterials/Widget3DPassThrough_Opaque.uasset" 246
"../../../Engine/Content/EngineMaterials/Widget3DPassThrough_Masked_OneSided.uasset" 247
"../../../Engine/Content/EngineMaterials/Widget3DPassThrough_Opaque_OneSided.uasset" 248
"../../../Engine/Content/EngineMaterials/Widget3DPassThrough_Translucent.uasset" 249
"../../../Engine/Content/EngineMaterials/Widget3DPassThrough_Translucent_OneSided.uasset" 250
"../../../Engine/Content/EngineMeshes/Cylinder.uasset" 251
"../../../Engine/Content/EngineMeshes/Sphere.uasset" 252
"../../../Engine/Content/EngineResources/Black.uasset" 253
"../../../Engine/Content/EngineResources/DefaultTextureCube.uasset" 254
"../../../Engine/Content/EngineResources/DefaultVolumeTexture2D.uasset" 255
"../../../Engine/Content/EngineResources/DefaultVolumeTexture.uasset" 256
"../../../Engine/Content/EngineResources/GradientTexture0.uasset" 257
"../../../Engine/Content/EngineSky/VolumetricClouds/T_NoiseShape64.uasset" 258
"../../../Engine/Content/EngineSky/VolumetricClouds/T_VolumeNoiseShape64.uasset" 259
"../../../Engine/Content/EngineSky/VolumetricClouds/T_NoiseErosion.uasset" 260
"../../../Engine/Content/EngineSky/VolumetricClouds/T_VolumeNoiseErosion32.uasset" 261
"../../../Engine/Content/EngineSky/VolumetricClouds/CloudWeatherTexture.uasset" 262
"../../../Engine/Content/EngineSky/VolumetricClouds/CloudGradientTexture.uasset" 263
"../../../Engine/Content/Functions/Engine_MaterialFunctions02/Utility/MakeFloat2.uasset" 264
"../../../Engine/Content/EngineSky/VolumetricClouds/m_SimpleVolumetricCloud.uasset" 265
"../../../Engine/Content/EngineSky/VolumetricClouds/m_SimpleVolumetricCloud_Inst.uasset" 266
"../../../Engine/Content/EngineSounds/Master.uasset" 267
"../../../Engine/Content/Functions/Engine_MaterialFunctions01/Shading/PowerToRoughness.uasset" 268
"../../../Engine/Content/Maps/Templates/Thumbnails/Default.uasset" 269
"../../../Engine/Content/Maps/Templates/Thumbnails/TimeOfDay.uasset" 270
"../../../Engine/Content/Maps/Templates/Thumbnails/VR-Basic.uasset" 271
"../../../Engine/Content/MobileResources/T_MobileControls_texture.uasset" 272
"../../../Engine/Content/MobileResources/T_MobileMenu2.uasset" 273
"../../../Engine/Content/MobileResources/HUD/AnalogHat.uasset" 274
"../../../Engine/Content/MobileResources/HUD/VirtualJoystick_Thumb.uasset" 275
"../../../Engine/Content/MobileResources/HUD/VirtualJoystick_Background.uasset" 276
"../../../Engine/Content/MobileResources/HUD/DefaultVirtualJoysticks.uasset" 277
"../../../Engine/Content/MobileResources/HUD/LeftVirtualJoystickOnly.uasset" 278
"../../../Engine/Content/MobileResources/HUD/MobileHUDButton1_off.uasset" 279
"../../../Engine/Content/MobileResources/HUD/MobileHUDButton1_on.uasset" 280
"../../../Engine/Content/MobileResources/HUD/MobileHUDButton2_off.uasset" 281
"../../../Engine/Content/MobileResources/HUD/MobileHUDButton2_on.uasset" 282
"../../../Engine/Content/MobileResources/HUD/MobileHUDButton3.uasset" 283
"../../../Engine/Content/MobileResources/HUD/MobileHUDButtonFire.uasset" 284
"../../../Engine/Content/MobileResources/HUD/MobileHUDDirectionPad.uasset" 285
"../../../Engine/Content/MobileResources/HUD/MobileHUDDirectionPad2.uasset" 286
"../../../Engine/Content/MobileResources/HUD/MobileHUDDirectionPad3.uasset" 287
"../../../Engine/Content/MobileResources/HUD/MobileHUDDirectionStick.uasset" 288
"../../../Engine/Content/MobileResources/HUD/T_Castle_ThumbstickInner.uasset" 289
"../../../Engine/Content/MobileResources/HUD/T_Castle_ThumbstickOutter.uasset" 290
"../../../Engine/Content/Tutorial/ContentIntroCurve.uasset" 291
"../../../Engine/Content/Tutorial/Basics/LevelEditorAttract.uasset" 292
"../../../Engine/Content/VREditor/TransformGizmo/TranslucentTransformGizmoMaterial.uasset" 293
"../../../Engine/Content/VREditor/LaserPointer/VR_LaserPower_01.uasset" 294
"../../../Engine/Content/VREditor/TransformGizmo/TransformGizmoMaterial.uasset" 295
"../../../Engine/Content/VREditor/TransformGizmo/BoundingBoxCorner.uasset" 296
"../../../Engine/Content/VREditor/TransformGizmo/BoundingBoxEdge.uasset" 297
"../../../Engine/Content/VREditor/TransformGizmo/PlaneTranslationHandle.uasset" 298
"../../../Engine/Content/VREditor/TransformGizmo/Xray.uasset" 299
"../../../Engine/Content/VREditor/TransformGizmo/Main.uasset" 300
"../../../Engine/Content/VREditor/TransformGizmo/SM_Sequencer_Key.uasset" 301
"../../../Engine/Content/VREditor/TransformGizmo/SM_Sequencer_Node.uasset" 302
"../../Plugins/2D/Paper2D/Content/PlaceholderTextures/DummySpriteTexture.uasset" 303
"../../Plugins/2D/Paper2D/Content/DummySprite.uasset" 304
"../../Plugins/2D/Paper2D/Content/DefaultPaperTerrainMaterial.uasset" 305
"../../Plugins/2D/Paper2D/Content/DefaultSpriteMaterial.uasset" 306
"../../Plugins/2D/Paper2D/Content/MaskedUnlitSpriteMaterial.uasset" 307
"../../Plugins/2D/Paper2D/Content/OpaqueUnlitSpriteMaterial.uasset" 308
"../../Plugins/Editor/SpeedTreeImporter/Content/SpeedTree9/SpeedTreeBillboard.uasset" 309
"../../Plugins/Editor/SpeedTreeImporter/Content/SpeedTree9/game_wind_noise.uasset" 310
"../../../Engine/Content/Functions/Engine_MaterialFunctions02/Utility/BreakOutFloat3Components.uasset" 311
"../../Plugins/Editor/SpeedTreeImporter/Content/SpeedTree9/UnpackInteger3.uasset" 312
"../../Plugins/Editor/SpeedTreeImporter/Content/SpeedTree9/UnpackDirection.uasset" 313
"../../../Engine/Content/Functions/Engine_MaterialFunctions02/SafeNormalize.uasset" 314
"../../Plugins/Editor/SpeedTreeImporter/Content/SpeedTree9/SpeedTreeWindMotion.uasset" 315
"../../Plugins/Editor/SpeedTreeImporter/Content/SpeedTree9/SpeedTreeBranchMotion.uasset" 316
"../../../Engine/Content/Functions/Engine_MaterialFunctions02/ObjectLocalBounds.uasset" 317
"../../../Engine/Content/Functions/Engine_MaterialFunctions02/UVs/BoundingBoxBased_0-1_UVW.uasset" 318
"../../Plugins/Editor/SpeedTreeImporter/Content/SpeedTree9/SpeedTreeWind.uasset" 319
"../../../Engine/Content/EngineResources/DefaultTexture.uasset" 320
"../../Plugins/Editor/SpeedTreeImporter/Content/SpeedTree9/SpeedTreeBillboardMaster.uasset" 321
"../../Plugins/Editor/SpeedTreeImporter/Content/SpeedTree9/SpeedTreeCameraFacing.uasset" 322
"../../Plugins/Editor/SpeedTreeImporter/Content/SpeedTree9/SpeedTreeMaster.uasset" 323
"../../../Engine/Content/ArtTools/RenderToTexture/Materials/Debug/M_Emissive_Color.uasset" 324
"../../../Engine/Content/BasicShapes/Cylinder.uasset" 325
"../../Plugins/Lumin/MagicLeapPassableWorld/Content/MagicLeapARPinInfoActor.uasset" 326
"../../../Engine/Content/Functions/Engine_MaterialFunctions02/Utility/MakeFloat3.uasset" 327
"../../../Engine/Content/Functions/Engine_MaterialFunctions02/Utility/BreakOutFloat4Components.uasset" 328
"../../Plugins/Runtime/Oculus/OculusVR/Content/Materials/OculusMR_ChromaKey.uasset" 329
"../../Plugins/Runtime/Oculus/OculusVR/Content/Materials/OculusMR_OpaqueColoredMaterial.uasset" 330
"../../Plugins/Runtime/Oculus/OculusVR/Content/Materials/PokeAHoleMaterial.uasset" 331
"../../../Engine/Content/BasicShapes/Cube.uasset" 332
"../../../Engine/Content/BasicShapes/BasicShapeMaterial.uasset" 333
"../../../../../../Jeux Unreal/StormJam/Content/FXVarietyPack/Meshes/SM_ky_tornado07.uasset" 334
"../../../../../../Jeux Unreal/StormJam/Content/FXVarietyPack/Meshes/SM_ky_quad_centerRot.uasset" 335
"../../../../../../Jeux Unreal/StormJam/Content/FXVarietyPack/Meshes/SM_ky_circleDist06.uasset" 336
"../../../../../../Jeux Unreal/StormJam/Content/FXVarietyPack/Textures/T_ky_stone02_2x2.uasset" 337
"../../../Engine/Content/EngineMaterials/Good64x64TilingNoiseHighFreq.uasset" 338
"../../../Engine/Content/Functions/Engine_MaterialFunctions02/Texturing/ScreenAlignedPixelToPixelUVs.uasset" 339
"../../../Engine/Content/Functions/Engine_MaterialFunctions02/Utility/DitherTemporalAA.uasset" 340
"../../../../../../Jeux Unreal/StormJam/Content/FXVarietyPack/Materials/M_ky_stone02.uasset" 341
"../../../../../../Jeux Unreal/StormJam/Content/FXVarietyPack/Materials/M_ky_empty.uasset" 342
"../../../../../../Jeux Unreal/StormJam/Content/FXVarietyPack/Textures/T_ky_vortex04_4x4.uasset" 343
"../../../../../../Jeux Unreal/StormJam/Content/FXVarietyPack/Materials/M_ky_vortex04_4x4.uasset" 344
"../../../../../../Jeux Unreal/StormJam/Content/FXVarietyPack/Materials/MI_ky_vortex04B_4x4_two.uasset" 345
"../../../../../../Jeux Unreal/StormJam/Content/FXVarietyPack/Textures/T_ky_smoke_kai.uasset" 346
"../../../../../../Jeux Unreal/StormJam/Content/FXVarietyPack/Textures/T_ky_dist_noise.uasset" 347
"../../../Engine/Content/Functions/Engine_MaterialFunctions01/Density/ExponentialDensity.uasset" 348
"../../../Engine/Content/Functions/Engine_MaterialFunctions01/Gradient/RadialGradientExponential.uasset" 349
"../../../../../../Jeux Unreal/StormJam/Content/FXVarietyPack/Materials/M_ky_base_turbulence.uasset" 350
"../../../../../../Jeux Unreal/StormJam/Content/FXVarietyPack/Materials/MI_ky_turbulence_smoke2d_trs.uasset" 351
"../../../../../../Jeux Unreal/StormJam/Content/FXVarietyPack/Textures/T_ky_noise4.uasset" 352
"../../../Engine/Content/Functions/Engine_MaterialFunctions03/Texturing/TwoSidedTexturing.uasset" 353
"../../../../../../Jeux Unreal/StormJam/Content/FXVarietyPack/Textures/T_ky_noise5.uasset" 354
"../../../../../../Jeux Unreal/StormJam/Content/FXVarietyPack/Materials/Mfunction/MF_ky_TexController.uasset" 355
"../../../Engine/Content/Functions/Engine_MaterialFunctions01/Gradient/LinearGradient.uasset" 356
"../../../../../../Jeux Unreal/StormJam/Content/FXVarietyPack/Textures/T_ky_noise6.uasset" 357
"../../../../../../Jeux Unreal/StormJam/Content/FXVarietyPack/Materials/M_ky_stormDeco01.uasset" 358
"../../../../../../Jeux Unreal/StormJam/Content/FXVarietyPack/Textures/T_ky_noise17.uasset" 359
"../../../../../../Jeux Unreal/StormJam/Content/FXVarietyPack/Materials/Mfunction/MF_ky_MaskToTopUnder.uasset" 360
"../../../../../../Jeux Unreal/StormJam/Content/FXVarietyPack/Textures/T_ky_maskRGB3.uasset" 361
"../../../../../../Jeux Unreal/StormJam/Content/FXVarietyPack/Materials/Mfunction/MF_ky_AddHilight.uasset" 362
"../../../../../../Jeux Unreal/StormJam/Content/FXVarietyPack/Materials/Mfunction/MF_ky_TexController_primitive.uasset" 363
"../../../../../../Jeux Unreal/StormJam/Content/FXVarietyPack/Materials/M_ky_storm01.uasset" 364
"../../../../../../Jeux Unreal/StormJam/Content/FXVarietyPack/Materials/MI_ky_storm01_nonD.uasset" 365
"../../../../../../Jeux Unreal/StormJam/Content/FXVarietyPack/Textures/T_ky_flare_a.uasset" 366
"../../../../../../Jeux Unreal/StormJam/Content/FXVarietyPack/Materials/M_ky_flare_flash.uasset" 367
"../../../../../../Jeux Unreal/StormJam/Content/FXVarietyPack/Particles/P_ky_storm.uasset" 368
"../../../../../../Jeux Unreal/StormJam/Content/FXVarietyPack/Blueprints/BP_ky_storm.uasset" 369
"../../../../../../Jeux Unreal/StormJam/Content/FXVarietyPack/Materials/M_ky_waterDust02.uasset" 370
"../../../../../../Jeux Unreal/StormJam/Content/FXVarietyPack/Materials/MI_ky_stormDeco01_aqua.uasset" 371
"../../../../../../Jeux Unreal/StormJam/Content/FXVarietyPack/Materials/MI_ky_storm01_aqua_nonD.uasset" 372
"../../../../../../Jeux Unreal/StormJam/Content/FXVarietyPack/Materials/MI_ky_storm01_aqua.uasset" 373
"../../../../../../Jeux Unreal/StormJam/Content/FXVarietyPack/Particles/P_ky_aquaStorm.uasset" 374
"../../../../../../Jeux Unreal/StormJam/Content/FXVarietyPack/Blueprints/BP_ky_aquaStorm.uasset" 375
"../../../../../../Jeux Unreal/StormJam/Content/FXVarietyPack/Materials/MI_ky_stormDeco01_dark.uasset" 376
"../../../../../../Jeux Unreal/StormJam/Content/FXVarietyPack/Materials/MI_ky_storm01_dark_nonD.uasset" 377
"../../../../../../Jeux Unreal/StormJam/Content/FXVarietyPack/Materials/MI_ky_storm01_dark.uasset" 378
"../../../../../../Jeux Unreal/StormJam/Content/FXVarietyPack/Textures/T_ky_smoke2.uasset" 379
"../../../../../../Jeux Unreal/StormJam/Content/FXVarietyPack/Textures/T_ky_noise3.uasset" 380
"../../../../../../Jeux Unreal/StormJam/Content/FXVarietyPack/Materials/M_ky_dynDust.uasset" 381
"../../../../../../Jeux Unreal/StormJam/Content/FXVarietyPack/Materials/MI_ky_dynDust.uasset" 382
"../../../../../../Jeux Unreal/StormJam/Content/FXVarietyPack/Particles/P_ky_darkStorm.uasset" 383
"../../../../../../Jeux Unreal/StormJam/Content/FXVarietyPack/Blueprints/BP_ky_darkStorm.uasset" 384
"../../../../../../Jeux Unreal/StormJam/Content/FXVarietyPack/Textures/T_ky_shockwave12_4x4.uasset" 385
"../../../../../../Jeux Unreal/StormJam/Content/FXVarietyPack/Textures/T_ky_bg.uasset" 386
"../../../../../../Jeux Unreal/StormJam/Content/FXVarietyPack/Materials/M_ky_subUV01.uasset" 387
"../../../../../../Jeux Unreal/StormJam/Content/FXVarietyPack/Materials/MI_ky_shockwave12_4x4.uasset" 388
"../../../../../../Jeux Unreal/StormJam/Content/FXVarietyPack/Textures/T_ky_decoLinesB.uasset" 389
"../../../../../../Jeux Unreal/StormJam/Content/FXVarietyPack/Textures/T_ky_decoLines.uasset" 390
"../../../../../../Jeux Unreal/StormJam/Content/FXVarietyPack/Materials/Mfunction/MF_ky_VectorToRadialValue.uasset" 391
"../../../../../../Jeux Unreal/StormJam/Content/FXVarietyPack/Materials/M_ky_polar.uasset" 392
"../../../../../../Jeux Unreal/StormJam/Content/FXVarietyPack/Materials/MI_ky_polarG_nonD.uasset" 393
"../../../../../../Jeux Unreal/StormJam/Content/FXVarietyPack/Particles/P_ky_hit2.uasset" 394
"../../../../../../Jeux Unreal/StormJam/Content/FXVarietyPack/Blueprints/BP_ky_hit2.uasset" 395
"../../../../../../Jeux Unreal/StormJam/Content/FXVarietyPack/Textures/T_ky_smoke1.uasset" 396
"../../../../../../Jeux Unreal/StormJam/Content/FXVarietyPack/Materials/M_ky_smoke01.uasset" 397
"../../../../../../Jeux Unreal/StormJam/Content/FXVarietyPack/Materials/M_ky_primitive_dyn2.uasset" 398
"../../../../../../Jeux Unreal/StormJam/Content/FXVarietyPack/Materials/MI_ky_primitive_dynB_two.uasset" 399
"../../../Engine/Content/Functions/Engine_MaterialFunctions02/Fresnel_Function.uasset" 400
"../../../../../../Jeux Unreal/StormJam/Content/FXVarietyPack/Materials/M_ky_primitive.uasset" 401
"../../../../../../Jeux Unreal/StormJam/Content/FXVarietyPack/Materials/MI_ky_primitive2b_trs.uasset" 402
"../../../../../../Jeux Unreal/StormJam/Content/FXVarietyPack/Materials/MI_ky_polar_two.uasset" 403
"../../../../../../Jeux Unreal/StormJam/Content/FXVarietyPack/Materials/MI_ky_flare_flash_trs.uasset" 404
"../../../../../../Jeux Unreal/StormJam/Content/FXVarietyPack/Particles/P_ky_explosion.uasset" 405
"../../../../../../Jeux Unreal/StormJam/Content/FXVarietyPack/Blueprints/BP_ky_explosion.uasset" 406
"../../../../../../Jeux Unreal/StormJam/Content/FXVarietyPack/Particles/P_ky_fireBall.uasset" 407
"../../../../../../Jeux Unreal/StormJam/Content/FXVarietyPack/Materials/MI_ky_stormDeco01_fire.uasset" 408
"../../../../../../Jeux Unreal/StormJam/Content/FXVarietyPack/Materials/MI_ky_storm01_fire_nonD1.uasset" 409
"../../../../../../Jeux Unreal/StormJam/Content/FXVarietyPack/Materials/MI_ky_storm01_fire.uasset" 410
"../../../../../../Jeux Unreal/StormJam/Content/FXVarietyPack/Particles/P_ky_fireStorm.uasset" 411
"../../../../../../Jeux Unreal/StormJam/Content/FXVarietyPack/Blueprints/BP_ky_fireStorm.uasset" 412
"../../../../../../Jeux Unreal/StormJam/Content/FXVarietyPack/Meshes/SM_ky_cylinder_superLow.uasset" 413
"../../../../../../Jeux Unreal/StormJam/Content/FXVarietyPack/Meshes/SM_ky_cylinder_lowPoly_dist.uasset" 414
"../../../../../../Jeux Unreal/StormJam/Content/FXVarietyPack/Meshes/SM_ky_auraWall_distB_kai.uasset" 415
"../../../../../../Jeux Unreal/StormJam/Content/FXVarietyPack/Textures/T_ky_dust01_4x4.uasset" 416
"../../../../../../Jeux Unreal/StormJam/Content/FXVarietyPack/Materials/Mfunction/MF_ky_UVcontrol_4x4.uasset" 417
"../../../../../../Jeux Unreal/StormJam/Content/FXVarietyPack/Materials/M_ky_dust01_4x4.uasset" 418
"../../../../../../Jeux Unreal/StormJam/Content/FXVarietyPack/Textures/T_ky_dust_longStar.uasset" 419
"../../../Engine/Content/EngineMaterials/BlendFunc_DefBlend.uasset" 420
"../../../Engine/Content/EngineMaterials/BlendFunc_DefBase.uasset" 421
"../../../Engine/Content/Functions/Engine_MaterialFunctions03/Blends/Blend_Screen.uasset" 422
"../../../Engine/Content/Functions/Engine_MaterialFunctions01/Gradient/DiamondGradient.uasset" 423
"../../../../../../Jeux Unreal/StormJam/Content/FXVarietyPack/Materials/M_ky_starDust.uasset" 424
"../../../../../../Jeux Unreal/StormJam/Content/FXVarietyPack/Materials/MI_ky_starDust_dis.uasset" 425
"../../../../../../Jeux Unreal/StormJam/Content/FXVarietyPack/Materials/MI_ky_primitive_dynB_nonD.uasset" 426
"../../../../../../Jeux Unreal/StormJam/Content/FXVarietyPack/Textures/T_ky_circle9_4x4.uasset" 427
"../../../../../../Jeux Unreal/StormJam/Content/FXVarietyPack/Textures/T_ky_maskCircle.uasset" 428
"../../../../../../Jeux Unreal/StormJam/Content/FXVarietyPack/Textures/T_ky_auraWallWhite_4x4.uasset" 429
"../../../../../../Jeux Unreal/StormJam/Content/FXVarietyPack/Materials/M_ky_base_anime.uasset" 430
"../../../../../../Jeux Unreal/StormJam/Content/FXVarietyPack/Materials/MI_ky_circle9_4x4c2.uasset" 431
"../../../../../../Jeux Unreal/StormJam/Content/FXVarietyPack/Textures/T_ky_smoke03.uasset" 432
"../../../../../../Jeux Unreal/StormJam/Content/FXVarietyPack/Textures/T_ky_noise13_sml_nor.uasset" 433
"../../../../../../Jeux Unreal/StormJam/Content/FXVarietyPack/Materials/M_ky_auraWall02.uasset" 434
"../../../../../../Jeux Unreal/StormJam/Content/FXVarietyPack/Materials/MI_ky_auraWall02_two.uasset" 435
"../../../../../../Jeux Unreal/StormJam/Content/FXVarietyPack/Textures/T_ky_aura011_4x4.uasset" 436
"../../../../../../Jeux Unreal/StormJam/Content/FXVarietyPack/Materials/MI_ky_aura011_4x4_nonD.uasset" 437
"../../../../../../Jeux Unreal/StormJam/Content/FXVarietyPack/Materials/MI_ky_aura011_4x4.uasset" 438
"../../../../../../Jeux Unreal/StormJam/Content/FXVarietyPack/Particles/P_ky_healAura.uasset" 439
"../../../../../../Jeux Unreal/StormJam/Content/FXVarietyPack/Blueprints/BP_ky_healAura.uasset" 440
"../../../../../../Jeux Unreal/StormJam/Content/FXVarietyPack/Textures/T_ky_shine01_4x4.uasset" 441
"../../../../../../Jeux Unreal/StormJam/Content/FXVarietyPack/Textures/T_ky_flareVertical02.uasset" 442
"../../../../../../Jeux Unreal/StormJam/Content/FXVarietyPack/Materials/M_ky_flare01_primitive.uasset" 443
"../../../../../../Jeux Unreal/StormJam/Content/FXVarietyPack/Materials/MI_ky_shine01R_nonD.uasset" 444
"../../../../../../Jeux Unreal/StormJam/Content/FXVarietyPack/Textures/T_ky_lightningDust01_4x4.uasset" 445
"../../../../../../Jeux Unreal/StormJam/Content/FXVarietyPack/Textures/T_ky_bg_LC.uasset" 446
"../../../../../../Jeux Unreal/StormJam/Content/FXVarietyPack/Materials/M_ky_subUV_dynRGB.uasset" 447
"../../../../../../Jeux Unreal/StormJam/Content/FXVarietyPack/Materials/MI_ky_lightningDust01_4x4_nonD.uasset" 448
"../../../../../../Jeux Unreal/StormJam/Content/FXVarietyPack/Textures/T_ky_lightning02_4x4.uasset" 449
"../../../../../../Jeux Unreal/StormJam/Content/FXVarietyPack/Materials/MI_ky_lightning02_4x4.uasset" 450
"../../../../../../Jeux Unreal/StormJam/Content/FXVarietyPack/Particles/P_ky_lightning1.uasset" 451
"../../../../../../Jeux Unreal/StormJam/Content/FXVarietyPack/Blueprints/BP_ky_lightning1.uasset" 452
"../../../../../../Jeux Unreal/StormJam/Content/FXVarietyPack/Textures/T_ky_flare25_4x4.uasset" 453
"../../../../../../Jeux Unreal/StormJam/Content/FXVarietyPack/Materials/MI_ky_flare25_4x4.uasset" 454
"../../../../../../Jeux Unreal/StormJam/Content/FXVarietyPack/Particles/P_ky_hit1.uasset" 455
"../../../../../../Jeux Unreal/StormJam/Content/FXVarietyPack/Blueprints/BP_ky_hit1.uasset" 456
"../../../../../../Jeux Unreal/StormJam/Content/FXVarietyPack/Textures/T_ky_deco_doom.uasset" 457
"../../../../../../Jeux Unreal/StormJam/Content/FXVarietyPack/Materials/M_ky_laser01.uasset" 458
"../../../../../../Jeux Unreal/StormJam/Content/FXVarietyPack/Materials/MI_ky_starDust_sq.uasset" 459
"../../../../../../Jeux Unreal/StormJam/Content/FXVarietyPack/Materials/MI_ky_shine01R.uasset" 460
"../../../../../../Jeux Unreal/StormJam/Content/FXVarietyPack/Particles/P_ky_laser01.uasset" 461
"../../../../../../Jeux Unreal/StormJam/Content/FXVarietyPack/Blueprints/BP_ky_laser01.uasset" 462
"../../../../../../Jeux Unreal/StormJam/Content/FXVarietyPack/Materials/MI_ky_dynDust2.uasset" 463
"../../../../../../Jeux Unreal/StormJam/Content/FXVarietyPack/Particles/P_ky_lightning3.uasset" 464
"../../../../../../Jeux Unreal/StormJam/Content/FXVarietyPack/Blueprints/BP_ky_lightning3.uasset" 465
"../../../../../../Jeux Unreal/StormJam/Content/FXVarietyPack/Meshes/SM_ky_cylinderBend07.uasset" 466
"../../../../../../Jeux Unreal/StormJam/Content/FXVarietyPack/Textures/T_ky_magicCircle020.uasset" 467
"../../../../../../Jeux Unreal/StormJam/Content/FXVarietyPack/Materials/M_ky_magicCircle020.uasset" 468
"../../../../../../Jeux Unreal/StormJam/Content/FXVarietyPack/Textures/T_ky_noise.uasset" 469
"../../../../../../Jeux Unreal/StormJam/Content/FXVarietyPack/Materials/M_ky_Fresnel.uasset" 470
"../../../../../../Jeux Unreal/StormJam/Content/FXVarietyPack/Textures/T_ky_circle01_4x4.uasset" 471
"../../../../../../Jeux Unreal/StormJam/Content/FXVarietyPack/Materials/M_ky_circle01_4x4G_nonD.uasset" 472
"../../../../../../Jeux Unreal/StormJam/Content/FXVarietyPack/Textures/T_ky_circleDust.uasset" 473
"../../../../../../Jeux Unreal/StormJam/Content/FXVarietyPack/Materials/M_ky_base.uasset" 474
"../../../../../../Jeux Unreal/StormJam/Content/FXVarietyPack/Materials/MI_ky_circleDust.uasset" 475
"../../../../../../Jeux Unreal/StormJam/Content/FXVarietyPack/Textures/T_ky_chantDecoC.uasset" 476
"../../../../../../Jeux Unreal/StormJam/Content/FXVarietyPack/Materials/M_ky_chantDecoA.uasset" 477
"../../../../../../Jeux Unreal/StormJam/Content/FXVarietyPack/Materials/MI_ky_chantDecoAc.uasset" 478
"../../../../../../Jeux Unreal/StormJam/Content/FXVarietyPack/Particles/P_ky_magicCircle1.uasset" 479
"../../../../../../Jeux Unreal/StormJam/Content/FXVarietyPack/Blueprints/BP_ky_magicCircle1.uasset" 480
"../../../../../../Jeux Unreal/StormJam/Content/FXVarietyPack/Textures/T_ky_deco_rainbow.uasset" 481
"../../../../../../Jeux Unreal/StormJam/Content/FXVarietyPack/Materials/M_ky_trail_primitive.uasset" 482
"../../../../../../Jeux Unreal/StormJam/Content/FXVarietyPack/Materials/M_ky_polar_primitive.uasset" 483
"../../../../../../Jeux Unreal/StormJam/Content/FXVarietyPack/Textures/T_ky_shockwave10_4x4.uasset" 484
"../../../../../../Jeux Unreal/StormJam/Content/FXVarietyPack/Materials/MI_ky_shockwave10R_4x4_nonD.uasset" 485
"../../../../../../Jeux Unreal/StormJam/Content/FXVarietyPack/Materials/MI_ky_shine01B.uasset" 486
"../../../../../../Jeux Unreal/StormJam/Content/FXVarietyPack/Textures/T_ky_flareVertical03_4x4.uasset" 487
"../../../../../../Jeux Unreal/StormJam/Content/FXVarietyPack/Materials/M_ky_subUV03.uasset" 488
"../../../../../../Jeux Unreal/StormJam/Content/FXVarietyPack/Materials/MI_ky_flareVertical03b_4x4.uasset" 489
"../../../../../../Jeux Unreal/StormJam/Content/FXVarietyPack/Particles/P_ky_shootingStar1.uasset" 490
"../../../../../../Jeux Unreal/StormJam/Content/FXVarietyPack/Blueprints/BP_ky_shootingStar1.uasset" 491
"../../../../../../Jeux Unreal/StormJam/Content/FXVarietyPack/Meshes/SM_ky_windSmokeVertRot.uasset" 492
"../../../../../../Jeux Unreal/StormJam/Content/FXVarietyPack/Meshes/SM_ky_planeBend.uasset" 493
"../../../../../../Jeux Unreal/StormJam/Content/FXVarietyPack/Textures/T_ky_flareVert.uasset" 494
"../../../../../../Jeux Unreal/StormJam/Content/FXVarietyPack/Materials/M_ky_flareVert.uasset" 495
"../../../../../../Jeux Unreal/StormJam/Content/FXVarietyPack/Meshes/SM_ky_quads.uasset" 496
"../../../../../../Jeux Unreal/StormJam/Content/FXVarietyPack/Textures/T_ky_maskRGB5.uasset" 497
"../../../../../../Jeux Unreal/StormJam/Content/FXVarietyPack/Textures/T_ky_flare3.uasset" 498
"../../../../../../Jeux Unreal/StormJam/Content/FXVarietyPack/Materials/M_ky_flarePillar.uasset" 499
"../../../../../../Jeux Unreal/StormJam/Content/FXVarietyPack/Materials/MI_ky_polarC_two.uasset" 500
"../../../../../../Jeux Unreal/StormJam/Content/FXVarietyPack/Materials/M_ky_aura9.uasset" 501
"../../../../../../Jeux Unreal/StormJam/Content/FXVarietyPack/Materials/MI_ky_aura9.uasset" 502
"../../../../../../Jeux Unreal/StormJam/Content/FXVarietyPack/Particles/P_ky_shotShockwave.uasset" 503
"../../../../../../Jeux Unreal/StormJam/Content/FXVarietyPack/Blueprints/BP_ky_fireBall.uasset" 504
"../../../../../../Jeux Unreal/StormJam/Content/FXVarietyPack/Blueprints/BP_ky_shotSpawn.uasset" 505
"../../../../../../Jeux Unreal/StormJam/Content/FXVarietyPack/Materials/MI_ky_smoke01b.uasset" 506
"../../../../../../Jeux Unreal/StormJam/Content/FXVarietyPack/Materials/MI_ky_smoke01.uasset" 507
"../../../../../../Jeux Unreal/StormJam/Content/FXVarietyPack/Particles/P_ky_thunderBall.uasset" 508
"../../../../../../Jeux Unreal/StormJam/Content/FXVarietyPack/Particles/P_ky_ThunderBallHit.uasset" 509
"../../../../../../Jeux Unreal/StormJam/Content/FXVarietyPack/Blueprints/BP_ky_thunderBall.uasset" 510
"../../../../../../Jeux Unreal/StormJam/Content/FXVarietyPack/Blueprints/BP_ky_ThunderBallHit.uasset" 511
"../../../../../../Jeux Unreal/StormJam/Content/FXVarietyPack/Materials/M_ky_thunderForBeam.uasset" 512
"../../../../../../Jeux Unreal/StormJam/Content/FXVarietyPack/Materials/MI_ky_storm01_thunder_nonD.uasset" 513
"../../../../../../Jeux Unreal/StormJam/Content/FXVarietyPack/Materials/MI_ky_storm01_thunder.uasset" 514
"../../../../../../Jeux Unreal/StormJam/Content/FXVarietyPack/Textures/T_ky_shockWave03_4x4.uasset" 515
"../../../../../../Jeux Unreal/StormJam/Content/FXVarietyPack/Materials/M_ky_shockWave03_4x4.uasset" 516
"../../../../../../Jeux Unreal/StormJam/Content/FXVarietyPack/Materials/MI_ky_shockWave03g_4x4.uasset" 517
"../../../../../../Jeux Unreal/StormJam/Content/FXVarietyPack/Particles/P_ky_thunderStorm.uasset" 518
"../../../../../../Jeux Unreal/StormJam/Content/FXVarietyPack/Blueprints/BP_ky_thunderStorm.uasset" 519
"../../../../../../Jeux Unreal/StormJam/Content/FXVarietyPack/Materials/MI_ky_smoke01c.uasset" 520
"../../../../../../Jeux Unreal/StormJam/Content/FXVarietyPack/Particles/P_ky_waterBall.uasset" 521
"../../../../../../Jeux Unreal/StormJam/Content/FXVarietyPack/Particles/P_ky_waterBallHit.uasset" 522
"../../../../../../Jeux Unreal/StormJam/Content/FXVarietyPack/Blueprints/BP_ky_waterBall.uasset" 523
"../../../../../../Jeux Unreal/StormJam/Content/FXVarietyPack/Blueprints/BP_ky_waterBallHit.uasset" 524
"../../../../../../Jeux Unreal/StormJam/Content/FXVarietyPack/EpicContent/Materials/M_DefaultTextMaterialTranslucentUnlit.uasset" 525
"../../../../../../Jeux Unreal/StormJam/Content/FXVarietyPack/EpicContent/Physical_Materials/Metal.uasset" 526
"../../../../../../Jeux Unreal/StormJam/Content/FXVarietyPack/EpicContent/Materials/M_DemoWall.uasset" 527
"../../../../../../Jeux Unreal/StormJam/Content/FXVarietyPack/EpicContent/Physical_Materials/Rubber.uasset" 528
"../../../../../../Jeux Unreal/StormJam/Content/FXVarietyPack/EpicContent/Materials/MI_DemoWall.uasset" 529
"../../../../../../Jeux Unreal/StormJam/Content/FXVarietyPack/EpicContent/Materials/MI_DemoWall3.uasset" 530
"../../../../../../Jeux Unreal/StormJam/Content/FXVarietyPack/EpicContent/Materials/M_DemoWall_Inst_NamePlate.uasset" 531
"../../../../../../Jeux Unreal/StormJam/Content/FXVarietyPack/EpicContent/Materials/MI_DemoWall_Inst_BaseFloor.uasset" 532
"../../../../../../Jeux Unreal/StormJam/Content/FXVarietyPack/EpicContent/Blueprints/BP_DemoDisplay_Enum.uasset" 533
"../../../../../../Jeux Unreal/StormJam/Content/FXVarietyPack/EpicContent/Materials/MI_DemoWall2.uasset" 534
"../../../../../../Jeux Unreal/StormJam/Content/FXVarietyPack/EpicContent/Meshes/SM_Base.uasset" 535
"../../../../../../Jeux Unreal/StormJam/Content/FXVarietyPack/EpicContent/Meshes/SM_Base2.uasset" 536
"../../../../../../Jeux Unreal/StormJam/Content/FXVarietyPack/EpicContent/Meshes/SM_Base_FlatWall.uasset" 537
"../../../../../../Jeux Unreal/StormJam/Content/FXVarietyPack/EpicContent/Meshes/SM_BaseRoom.uasset" 538
"../../../../../../Jeux Unreal/StormJam/Content/FXVarietyPack/EpicContent/Meshes/SM_NamePlate.uasset" 539
"../../../../../../Jeux Unreal/StormJam/Content/FXVarietyPack/EpicContent/Blueprints/BP_DemoDisplay.uasset" 540
"../../../../../../Jeux Unreal/StormJam/Content/FXVarietyPack/EpicContent/Textures/T_UnrealEngineDecal.uasset" 541
"../../../../../../Jeux Unreal/StormJam/Content/FXVarietyPack/EpicContent/Materials/M_Glass.uasset" 542
"../../../../../../Jeux Unreal/StormJam/Content/FXVarietyPack/EpicContent/Textures/T_Pattern_M.uasset" 543
"../../../../../../Jeux Unreal/StormJam/Content/FXVarietyPack/EpicContent/Materials/M_DemoWallPattern.uasset" 544
"../../../../../../Jeux Unreal/StormJam/Content/FXVarietyPack/EpicContent/Materials/MI_DemoWallPattern.uasset" 545
"../../../../../../Jeux Unreal/StormJam/Content/FXVarietyPack/EpicContent/Materials/M_DemoWallPattern_NoText.uasset" 546
"../../../../../../Jeux Unreal/StormJam/Content/FXVarietyPack/EpicContent/Meshes/SM_URoom_Wall2.uasset" 547
"../../../../../../Jeux Unreal/StormJam/Content/FXVarietyPack/EpicContent/Textures/T_RoomTiles_N.uasset" 548
"../../../../../../Jeux Unreal/StormJam/Content/FXVarietyPack/EpicContent/Textures/T_RoomTiles_M.uasset" 549
"../../../../../../Jeux Unreal/StormJam/Content/FXVarietyPack/EpicContent/Materials/M_DemoRoomTiles.uasset" 550
"../../../../../../Jeux Unreal/StormJam/Content/FXVarietyPack/EpicContent/Physical_Materials/Concrete.uasset" 551
"../../../../../../Jeux Unreal/StormJam/Content/FXVarietyPack/EpicContent/Materials/MI_DemoRoomTiles.uasset" 552
"../../../../../../Jeux Unreal/StormJam/Content/FXVarietyPack/EpicContent/Materials/MI_Glass.uasset" 553
"../../../../../../Jeux Unreal/StormJam/Content/FXVarietyPack/EpicContent/Blueprints/BP_DemoRoom_Enum.uasset" 554
"../../../../../../Jeux Unreal/StormJam/Content/FXVarietyPack/EpicContent/Meshes/SM_DemoDivider1.uasset" 555
"../../../../../../Jeux Unreal/StormJam/Content/FXVarietyPack/EpicContent/Meshes/SM_DemoDivider2.uasset" 556
"../../../../../../Jeux Unreal/StormJam/Content/FXVarietyPack/EpicContent/Meshes/SM_DemoRoomBackWall.uasset" 557
"../../../../../../Jeux Unreal/StormJam/Content/FXVarietyPack/EpicContent/Materials/M_DemoWall_MattPlastic.uasset" 558
"../../../../../../Jeux Unreal/StormJam/Content/FXVarietyPack/EpicContent/Meshes/SM_DemoRoomBackWall2.uasset" 559
"../../../../../../Jeux Unreal/StormJam/Content/FXVarietyPack/EpicContent/Materials/M_LightTube.uasset" 560
"../../../../../../Jeux Unreal/StormJam/Content/FXVarietyPack/EpicContent/Materials/MI_LightTube.uasset" 561
"../../../../../../Jeux Unreal/StormJam/Content/FXVarietyPack/EpicContent/Meshes/SM_DemoRoomClamp.uasset" 562
"../../../../../../Jeux Unreal/StormJam/Content/FXVarietyPack/EpicContent/Meshes/SM_DemoRoomClamp2.uasset" 563
"../../../../../../Jeux Unreal/StormJam/Content/FXVarietyPack/EpicContent/Meshes/SM_DemoRoomL.uasset" 564
"../../../../../../Jeux Unreal/StormJam/Content/FXVarietyPack/EpicContent/Meshes/SM_DemoRoomLTrim.uasset" 565
"../../../../../../Jeux Unreal/StormJam/Content/FXVarietyPack/EpicContent/Meshes/SM_DemoRoomTrim.uasset" 566
"../../../../../../Jeux Unreal/StormJam/Content/FXVarietyPack/EpicContent/Materials/M_DemoWallPattern_Inst_Mirrored.uasset" 567
"../../../../../../Jeux Unreal/StormJam/Content/FXVarietyPack/EpicContent/Meshes/SM_DemoRoomTrimAdd.uasset" 568
"../../../../../../Jeux Unreal/StormJam/Content/FXVarietyPack/EpicContent/Meshes/SM_DemoRoomU.uasset" 569
"../../../../../../Jeux Unreal/StormJam/Content/FXVarietyPack/EpicContent/Meshes/SM_DemoRoomU2.uasset" 570
"../../../../../../Jeux Unreal/StormJam/Content/FXVarietyPack/EpicContent/Meshes/SM_DemoRoomU_Hole.uasset" 571
"../../../../../../Jeux Unreal/StormJam/Content/FXVarietyPack/EpicContent/Meshes/SM_URoom_Wall.uasset" 572
"../../../../../../Jeux Unreal/StormJam/Content/FXVarietyPack/EpicContent/Meshes/SM_DemoRoomTrim2.uasset" 573
"../../../../../../Jeux Unreal/StormJam/Content/FXVarietyPack/EpicContent/Blueprints/BP_DemoRoom.uasset" 574
"../../../../../../Jeux Unreal/StormJam/Content/FXVarietyPack/Particles/P_ky_lightning2.uasset" 575
"../../../../../../Jeux Unreal/StormJam/Content/FXVarietyPack/Blueprints/BP_ky_lightning2.uasset" 576
"../../../../../../Jeux Unreal/StormJam/Content/FXVarietyPack/Map/Overview.umap" 577
"../../../Engine/Content/EditorMeshes/ColorCalibrator/M_GreyBall.uasset" 578
"../../../Engine/Content/EditorMeshes/ColorCalibrator/Color_checker.uasset" 579
"../../../Engine/Content/EditorMeshes/ColorCalibrator/M_ColorGrid.uasset" 580
"../../../Engine/Content/EditorMeshes/ColorCalibrator/M_ClearCoatBlack.uasset" 581
"../../../Engine/Content/EditorMeshes/ColorCalibrator/M_ClearCoat.uasset" 582
"../../../Engine/Content/EditorMeshes/ColorCalibrator/M_ChromeBall.uasset" 583
"../../../Engine/Content/EditorMeshes/ColorCalibrator/SM_ColorCalibrator.uasset" 584
"../../../../../../Jeux Unreal/StormJam/Content/StarterContent/Maps/Advanced_Lighting_BuiltData.uasset" 585
"../../../../../../Jeux Unreal/StormJam/Content/StarterContent/HDRI/HDRI_Epic_Courtyard_Daylight.uasset" 586
"../../../Engine/Content/MapTemplates/Sky/DaylightAmbientCubemap.uasset" 587
"../../../../../../Jeux Unreal/StormJam/Content/StarterContent/Blueprints/Assets/M_LightStage_Skybox_Master.uasset" 588
"../../../../../../Jeux Unreal/StormJam/Content/StarterContent/Blueprints/Assets/M_LightStage_Skybox_HDRI.uasset" 589
"../../../../../../Jeux Unreal/StormJam/Content/StarterContent/Blueprints/Assets/M_LightStage_Arrows.uasset" 590
"../../../../../../Jeux Unreal/StormJam/Content/StarterContent/Blueprints/Assets/SM_Arrows.uasset" 591
"../../../Engine/Content/EditorMaterials/Thumbnails/SkySphereMaterial.uasset" 592
"../../../../../../Jeux Unreal/StormJam/Content/StarterContent/Blueprints/Assets/Skybox.uasset" 593
"../../../../../../Jeux Unreal/StormJam/Content/StarterContent/Blueprints/Assets/M_LightStage_Skybox_Black.uasset" 594
"../../../../../../Jeux Unreal/StormJam/Content/StarterContent/Blueprints/Assets/SunlightColorLUT.uasset" 595
"../../../../../../Jeux Unreal/StormJam/Content/StarterContent/Blueprints/Assets/FogBrightnessLUT.uasset" 596
"../../../../../../Jeux Unreal/StormJam/Content/StarterContent/Blueprints/BP_LightStudio.uasset" 597
"../../../../../../Jeux Unreal/StormJam/Content/StarterContent/Materials/M_AssetPlatform.uasset" 598
"../../../../../../Jeux Unreal/StormJam/Content/StarterContent/Architecture/SM_AssetPlatform.uasset" 599
"../../../../../../Jeux Unreal/StormJam/Content/StarterContent/Maps/Advanced_Lighting.umap" 600
"../../../../../../Jeux Unreal/StormJam/Content/StarterContent/Textures/T_TableRound_N.uasset" 601
"../../../../../../Jeux Unreal/StormJam/Content/StarterContent/Textures/T_TableRound_M.uasset" 602
"../../../../../../Jeux Unreal/StormJam/Content/StarterContent/Props/Materials/M_TableRound.uasset" 603
"../../../../../../Jeux Unreal/StormJam/Content/StarterContent/Props/SM_TableRound.uasset" 604
"../../../../../../Jeux Unreal/StormJam/Content/StarterContent/Textures/T_Statue_N.uasset" 605
"../../../../../../Jeux Unreal/StormJam/Content/StarterContent/Textures/T_Statue_M.uasset" 606
"../../../../../../Jeux Unreal/StormJam/Content/StarterContent/Props/Materials/M_Statue.uasset" 607
"../../../../../../Jeux Unreal/StormJam/Content/StarterContent/Props/Materials/M_StatueGlass.uasset" 608
"../../../../../../Jeux Unreal/StormJam/Content/StarterContent/Props/SM_Statue.uasset" 609
"../../../../../../Jeux Unreal/StormJam/Content/StarterContent/Props/SM_Chair.uasset" 610
"../../../../../../Jeux Unreal/StormJam/Content/StarterContent/Textures/T_Metal_Copper_D.uasset" 611
"../../../../../../Jeux Unreal/StormJam/Content/StarterContent/Textures/T_Metal_Gold_N.uasset" 612
"../../../../../../Jeux Unreal/StormJam/Content/StarterContent/Textures/T_MacroVariation.uasset" 613
"../../../../../../Jeux Unreal/StormJam/Content/StarterContent/Materials/M_Metal_Copper.uasset" 614
"../../../../../../Jeux Unreal/StormJam/Content/StarterContent/Textures/T_Metal_Aluminum_D.uasset" 615
"../../../../../../Jeux Unreal/StormJam/Content/StarterContent/Materials/M_Metal_Burnished_Steel.uasset" 616
"../../../../../../Jeux Unreal/StormJam/Content/StarterContent/Materials/M_Metal_Brushed_Nickel.uasset" 617
"../../../Engine/Content/EngineSky/T_Sky_Stars.uasset" 618
"../../../Engine/Content/EngineSky/T_Sky_Clouds_M.uasset" 619
"../../../Engine/Content/EngineSky/T_Sky_Blue.uasset" 620
"../../../Engine/Content/EngineSky/M_Sky_Panning_Clouds2.uasset" 621
"../../../../../../Jeux Unreal/StormJam/Content/StarterContent/Maps/Minimal_Default_BuiltData.uasset" 622
"../../../Engine/Content/EngineSky/SM_SkySphere.uasset" 623
"../../../Engine/Content/EngineSky/C_Sky_Zenith_Color.uasset" 624
"../../../Engine/Content/EngineSky/C_Sky_Horizon_Color.uasset" 625
"../../../Engine/Content/EngineSky/C_Sky_Cloud_Color.uasset" 626
"../../../Engine/Content/EngineSky/BP_Sky_Sphere.uasset" 627
"../../../../../../Jeux Unreal/StormJam/Content/StarterContent/Audio/Starter_Background_Cue.uasset" 628
"../../../../../../Jeux Unreal/StormJam/Content/StarterContent/Architecture/Floor_400x400.uasset" 629
"../../../../../../Jeux Unreal/StormJam/Content/StarterContent/Maps/Minimal_Default.umap" 630
"../../../../../../Jeux Unreal/StormJam/Content/StarterContent/Shapes/Shape_Sphere.uasset" 631
"../../../../../../Jeux Unreal/StormJam/Content/StarterContent/Shapes/Shape_QuadPyramid.uasset" 632
"../../../../../../Jeux Unreal/StormJam/Content/StarterContent/Shapes/Shape_Cube.uasset" 633
"../../../../../../Jeux Unreal/StormJam/Content/StarterContent/Textures/T_Frame_N.uasset" 634
"../../../../../../Jeux Unreal/StormJam/Content/StarterContent/Textures/T_Frame_M.uasset" 635
"../../../../../../Jeux Unreal/StormJam/Content/StarterContent/Props/Materials/M_Frame.uasset" 636
"../../../../../../Jeux Unreal/StormJam/Content/StarterContent/Props/SM_WindowFrame.uasset" 637
"../../../../../../Jeux Unreal/StormJam/Content/StarterContent/Props/SM_PillarFrame300.uasset" 638
"../../../../../../Jeux Unreal/StormJam/Content/StarterContent/Props/SM_PillarFrame.uasset" 639
"../../../../../../Jeux Unreal/StormJam/Content/StarterContent/Props/SM_GlassWindow.uasset" 640
"../../../../../../Jeux Unreal/StormJam/Content/StarterContent/Props/SM_DoorFrame.uasset" 641
"../../../../../../Jeux Unreal/StormJam/Content/StarterContent/Props/SM_CornerFrame.uasset" 642
"../../../../../../Jeux Unreal/StormJam/Content/StarterContent/Props/MaterialSphere.uasset" 643
"../../../../../../Jeux Unreal/StormJam/Content/StarterContent/Textures/T_Dust_Particle_D.uasset" 644
"../../../../../../Jeux Unreal/StormJam/Content/StarterContent/Particles/Materials/M_Dust_Particle.uasset" 645
"../../../../../../Jeux Unreal/StormJam/Content/StarterContent/Particles/P_Ambient_Dust.uasset" 646
"../../../../../../Jeux Unreal/StormJam/Content/StarterContent/Textures/T_Wood_Walnut_N.uasset" 647
"../../../../../../Jeux Unreal/StormJam/Content/StarterContent/Textures/T_Wood_Walnut_D.uasset" 648
"../../../../../../Jeux Unreal/StormJam/Content/StarterContent/Materials/M_Wood_Walnut.uasset" 649
"../../../../../../Jeux Unreal/StormJam/Content/StarterContent/Textures/T_Wood_Pine_N.uasset" 650
"../../../../../../Jeux Unreal/StormJam/Content/StarterContent/Textures/T_Wood_Pine_D.uasset" 651
"../../../../../../Jeux Unreal/StormJam/Content/StarterContent/Textures/T_Perlin_Noise_M.uasset" 652
"../../../../../../Jeux Unreal/StormJam/Content/StarterContent/Materials/M_Wood_Pine.uasset" 653
"../../../../../../Jeux Unreal/StormJam/Content/StarterContent/Textures/T_Wood_Oak_N.uasset" 654
"../../../../../../Jeux Unreal/StormJam/Content/StarterContent/Textures/T_Wood_Oak_D.uasset" 655
"../../../../../../Jeux Unreal/StormJam/Content/StarterContent/Materials/M_Wood_Oak.uasset" 656
"../../../Engine/Content/Functions/Engine_MaterialFunctions01/Opacity/AlphaOffset.uasset" 657
"../../../../../../Jeux Unreal/StormJam/Content/StarterContent/Textures/T_Wood_Floor_Walnut_N.uasset" 658
"../../../../../../Jeux Unreal/StormJam/Content/StarterContent/Textures/T_Wood_Floor_Walnut_M.uasset" 659
"../../../../../../Jeux Unreal/StormJam/Content/StarterContent/Textures/T_Wood_Floor_Walnut_D.uasset" 660
"../../../../../../Jeux Unreal/StormJam/Content/StarterContent/Materials/M_Wood_Floor_Walnut_Worn.uasset" 661
"../../../../../../Jeux Unreal/StormJam/Content/StarterContent/Materials/M_Wood_Floor_Walnut_Polished.uasset" 662
"../../../../../../Jeux Unreal/StormJam/Content/StarterContent/Textures/T_Water_M.uasset" 663
"../../../../../../Jeux Unreal/StormJam/Content/StarterContent/Textures/T_Water_N.uasset" 664
"../../../../../../Jeux Unreal/StormJam/Content/StarterContent/Materials/M_Water_Ocean.uasset" 665
"../../../../../../Jeux Unreal/StormJam/Content/StarterContent/Materials/M_Water_Lake.uasset" 666
"../../../../../../Jeux Unreal/StormJam/Content/StarterContent/Textures/T_Tech_Panel_N.uasset" 667
"../../../../../../Jeux Unreal/StormJam/Content/StarterContent/Textures/T_Tech_Panel_M.uasset" 668
"../../../../../../Jeux Unreal/StormJam/Content/StarterContent/Textures/T_Metal_Steel_D.uasset" 669
"../../../../../../Jeux Unreal/StormJam/Content/StarterContent/Materials/M_Tech_Panel.uasset" 670
"../../../../../../Jeux Unreal/StormJam/Content/StarterContent/Textures/T_Tech_Hex_Tile_N.uasset" 671
"../../../../../../Jeux Unreal/StormJam/Content/StarterContent/Textures/T_Tech_Hex_Tile_M.uasset" 672
"../../../../../../Jeux Unreal/StormJam/Content/StarterContent/Materials/M_Tech_Hex_Tile_Pulse.uasset" 673
"../../../../../../Jeux Unreal/StormJam/Content/StarterContent/Materials/M_Tech_Hex_Tile.uasset" 674
"../../../../../../Jeux Unreal/StormJam/Content/StarterContent/Textures/T_Tech_Dot_N.uasset" 675
"../../../../../../Jeux Unreal/StormJam/Content/StarterContent/Textures/T_Tech_Dot_M.uasset" 676
"../../../../../../Jeux Unreal/StormJam/Content/StarterContent/Textures/T_Single_Tile_N.uasset" 677
"../../../../../../Jeux Unreal/StormJam/Content/StarterContent/Textures/T_Checker_Noise_M.uasset" 678
"../../../../../../Jeux Unreal/StormJam/Content/StarterContent/Materials/M_Tech_Checker_Dot.uasset" 679
"../../../../../../Jeux Unreal/StormJam/Content/StarterContent/Textures/T_Rock_Slate_N.uasset" 680
"../../../../../../Jeux Unreal/StormJam/Content/StarterContent/Textures/T_Rock_Slate_D.uasset" 681
"../../../../../../Jeux Unreal/StormJam/Content/StarterContent/Materials/M_Rock_Slate.uasset" 682
"../../../../../../Jeux Unreal/StormJam/Content/StarterContent/Textures/T_Rock_Sandstone_N.uasset" 683
"../../../../../../Jeux Unreal/StormJam/Content/StarterContent/Textures/T_Rock_Sandstone_D.uasset" 684
"../../../../../../Jeux Unreal/StormJam/Content/StarterContent/Materials/M_Rock_Sandstone.uasset" 685
"../../../../../../Jeux Unreal/StormJam/Content/StarterContent/Textures/T_Rock_Marble_Polished_D.uasset" 686
"../../../../../../Jeux Unreal/StormJam/Content/StarterContent/Materials/M_Rock_Marble_Polished.uasset" 687
"../../../../../../Jeux Unreal/StormJam/Content/StarterContent/Textures/T_Rock_Basalt_N.uasset" 688
"../../../../../../Jeux Unreal/StormJam/Content/StarterContent/Materials/M_Rock_Basalt.uasset" 689
"../../../../../../Jeux Unreal/StormJam/Content/StarterContent/Textures/T_Metal_Steel_N.uasset" 690
"../../../../../../Jeux Unreal/StormJam/Content/StarterContent/Materials/M_Metal_Steel.uasset" 691
"../../../../../../Jeux Unreal/StormJam/Content/StarterContent/Textures/T_Metal_Rust_D.uasset" 692
"../../../../../../Jeux Unreal/StormJam/Content/StarterContent/Textures/T_Metal_Rust_N.uasset" 693
"../../../../../../Jeux Unreal/StormJam/Content/StarterContent/Materials/M_Metal_Rust.uasset" 694
"../../../../../../Jeux Unreal/StormJam/Content/StarterContent/Textures/T_Metal_Gold_D.uasset" 695
"../../../../../../Jeux Unreal/StormJam/Content/StarterContent/Materials/M_Metal_Gold.uasset" 696
"../../../../../../Jeux Unreal/StormJam/Content/StarterContent/Materials/M_Metal_Chrome.uasset" 697
"../../../../../../Jeux Unreal/StormJam/Content/StarterContent/Textures/T_Ground_Moss_N.uasset" 698
"../../../../../../Jeux Unreal/StormJam/Content/StarterContent/Textures/T_ground_Moss_D.uasset" 699
"../../../../../../Jeux Unreal/StormJam/Content/StarterContent/Materials/M_Ground_Moss.uasset" 700
"../../../../../../Jeux Unreal/StormJam/Content/StarterContent/Textures/T_Ground_Gravel_N.uasset" 701
"../../../../../../Jeux Unreal/StormJam/Content/StarterContent/Textures/T_Ground_Gravel_D.uasset" 702
"../../../../../../Jeux Unreal/StormJam/Content/StarterContent/Materials/M_Ground_Gravel.uasset" 703
"../../../../../../Jeux Unreal/StormJam/Content/StarterContent/Textures/T_Ground_Grass_N.uasset" 704
"../../../../../../Jeux Unreal/StormJam/Content/StarterContent/Textures/T_Ground_Grass_D.uasset" 705
"../../../../../../Jeux Unreal/StormJam/Content/StarterContent/Materials/M_Ground_Grass.uasset" 706
"../../../../../../Jeux Unreal/StormJam/Content/StarterContent/Textures/T_Concrete_Tiles_Variation_M.uasset" 707
"../../../../../../Jeux Unreal/StormJam/Content/StarterContent/Textures/T_Concrete_Tiles_N.uasset" 708
"../../../../../../Jeux Unreal/StormJam/Content/StarterContent/Textures/T_Concrete_Tiles_M.uasset" 709
"../../../../../../Jeux Unreal/StormJam/Content/StarterContent/Textures/T_Concrete_Tiles_D.uasset" 710
"../../../../../../Jeux Unreal/StormJam/Content/StarterContent/Materials/M_Concrete_Tiles.uasset" 711
"../../../../../../Jeux Unreal/StormJam/Content/StarterContent/Textures/T_Concrete_Panels_N.uasset" 712
"../../../../../../Jeux Unreal/StormJam/Content/StarterContent/Textures/T_Concrete_Panels_D.uasset" 713
"../../../../../../Jeux Unreal/StormJam/Content/StarterContent/Materials/M_Concrete_Panels.uasset" 714
"../../../../../../Jeux Unreal/StormJam/Content/StarterContent/Textures/T_Concrete_Grime_D.uasset" 715
"../../../../../../Jeux Unreal/StormJam/Content/StarterContent/Materials/M_Concrete_Grime.uasset" 716
"../../../../../../Jeux Unreal/StormJam/Content/StarterContent/Textures/T_CobbleStone_Smooth_N.uasset" 717
"../../../../../../Jeux Unreal/StormJam/Content/StarterContent/Textures/T_CobbleStone_Smooth_M.uasset" 718
"../../../../../../Jeux Unreal/StormJam/Content/StarterContent/Textures/T_CobbleStone_Smooth_D.uasset" 719
"../../../../../../Jeux Unreal/StormJam/Content/StarterContent/Textures/T_Rock_Smooth_Granite_D.uasset" 720
"../../../../../../Jeux Unreal/StormJam/Content/StarterContent/Textures/T_Gradinet_01.uasset" 721
"../../../../../../Jeux Unreal/StormJam/Content/StarterContent/Materials/M_CobbleStone_Smooth.uasset" 722
"../../../../../../Jeux Unreal/StormJam/Content/StarterContent/Textures/T_CobbleStone_Rough_N.uasset" 723
"../../../../../../Jeux Unreal/StormJam/Content/StarterContent/Textures/T_CobbleStone_Rough_D.uasset" 724
"../../../../../../Jeux Unreal/StormJam/Content/StarterContent/Materials/M_CobbleStone_Rough.uasset" 725
"../../../../../../Jeux Unreal/StormJam/Content/StarterContent/Textures/T_CobbleStone_Pebble_N.uasset" 726
"../../../../../../Jeux Unreal/StormJam/Content/StarterContent/Textures/T_CobbleStone_Pebble_M.uasset" 727
"../../../../../../Jeux Unreal/StormJam/Content/StarterContent/Textures/T_CobbleStone_Pebble_D.uasset" 728
"../../../../../../Jeux Unreal/StormJam/Content/StarterContent/Materials/M_CobbleStone_Pebble.uasset" 729
"../../../../../../Jeux Unreal/StormJam/Content/StarterContent/Textures/T_Ceramic_Tile_N.uasset" 730
"../../../../../../Jeux Unreal/StormJam/Content/StarterContent/Textures/T_Ceramic_Tile_M.uasset" 731
"../../../../../../Jeux Unreal/StormJam/Content/StarterContent/Materials/M_Ceramic_Tile_Checker.uasset" 732
"../../../../../../Jeux Unreal/StormJam/Content/StarterContent/Textures/T_Brick_Hewn_Stone_N.uasset" 733
"../../../../../../Jeux Unreal/StormJam/Content/StarterContent/Textures/T_Brick_Hewn_Stone_M.uasset" 734
"../../../../../../Jeux Unreal/StormJam/Content/StarterContent/Textures/T_Brick_Hewn_Stone_D.uasset" 735
"../../../../../../Jeux Unreal/StormJam/Content/StarterContent/Materials/M_Brick_Hewn_Stone.uasset" 736
"../../../../../../Jeux Unreal/StormJam/Content/StarterContent/Textures/T_Brick_Cut_Stone_N.uasset" 737
"../../../../../../Jeux Unreal/StormJam/Content/StarterContent/Textures/T_Brick_Cut_Stone_D.uasset" 738
"../../../../../../Jeux Unreal/StormJam/Content/StarterContent/Materials/M_Brick_Cut_Stone.uasset" 739
"../../../../../../Jeux Unreal/StormJam/Content/StarterContent/Textures/T_Brick_Clay_Old_N.uasset" 740
"../../../../../../Jeux Unreal/StormJam/Content/StarterContent/Textures/T_Brick_Clay_Old_D.uasset" 741
"../../../../../../Jeux Unreal/StormJam/Content/StarterContent/Materials/M_Brick_Clay_Old.uasset" 742
"../../../../../../Jeux Unreal/StormJam/Content/StarterContent/Textures/T_Brick_Clay_New_N.uasset" 743
"../../../../../../Jeux Unreal/StormJam/Content/StarterContent/Textures/T_Brick_Clay_New_M.uasset" 744
"../../../../../../Jeux Unreal/StormJam/Content/StarterContent/Textures/T_Brick_Clay_New_D.uasset" 745
"../../../../../../Jeux Unreal/StormJam/Content/StarterContent/Materials/M_Brick_Clay_New.uasset" 746
"../../../../../../Jeux Unreal/StormJam/Content/StarterContent/Textures/T_Brick_Clay_Beveled_N.uasset" 747
"../../../../../../Jeux Unreal/StormJam/Content/StarterContent/Textures/T_Brick_Clay_Beveled_M.uasset" 748
"../../../../../../Jeux Unreal/StormJam/Content/StarterContent/Textures/T_Brick_Clay_Beveled_D.uasset" 749
"../../../../../../Jeux Unreal/StormJam/Content/StarterContent/Materials/M_Brick_Clay_Beveled.uasset" 750
"../../../Engine/Content/Functions/Engine_MaterialFunctions03/Procedurals/ComputeFilterWidth.uasset" 751
"../../../Engine/Content/EngineMaterials/AntiAliasedTextMaterialTranslucent.uasset" 752
"../../../../../../Jeux Unreal/StormJam/Content/StarterContent/Maps/StarterMap_BuiltData.uasset" 753
"../../../../../../Jeux Unreal/StormJam/Content/StarterContent/Textures/T_Concrete_Poured_N.uasset" 754
"../../../../../../Jeux Unreal/StormJam/Content/StarterContent/Textures/T_Concrete_Poured_D.uasset" 755
"../../../../../../Jeux Unreal/StormJam/Content/StarterContent/Materials/M_Concrete_Poured.uasset" 756
"../../../../../../Jeux Unreal/StormJam/Content/StarterContent/Textures/T_Lamp_N.uasset" 757
"../../../../../../Jeux Unreal/StormJam/Content/StarterContent/Textures/T_Lamp_M.uasset" 758
"../../../../../../Jeux Unreal/StormJam/Content/StarterContent/Props/Materials/M_Lamp.uasset" 759
"../../../../../../Jeux Unreal/StormJam/Content/StarterContent/Props/SM_Lamp_Wall.uasset" 760
"../../../../../../Jeux Unreal/StormJam/Content/StarterContent/Blueprints/Blueprint_WallSconce.uasset" 761
"../../../../../../Jeux Unreal/StormJam/Content/StarterContent/Particles/P_Steam_Lit.uasset" 762
"../../../../../../Jeux Unreal/StormJam/Content/StarterContent/Audio/Steam01_Cue.uasset" 763
"../../../../../../Jeux Unreal/StormJam/Content/StarterContent/Blueprints/Blueprint_Effect_Steam.uasset" 764
"../../../../../../Jeux Unreal/StormJam/Content/StarterContent/Textures/T_Spark_Core.uasset" 765
"../../../../../../Jeux Unreal/StormJam/Content/StarterContent/Particles/Materials/M_Spark.uasset" 766
"../../../../../../Jeux Unreal/StormJam/Content/StarterContent/Particles/Materials/M_Radial_Gradient.uasset" 767
"../../../../../../Jeux Unreal/StormJam/Content/StarterContent/Particles/P_Sparks.uasset" 768
"../../../../../../Jeux Unreal/StormJam/Content/StarterContent/Audio/Fire_Sparks01_Cue.uasset" 769
"../../../../../../Jeux Unreal/StormJam/Content/StarterContent/Blueprints/Blueprint_Effect_Sparks.uasset" 770
"../../../../../../Jeux Unreal/StormJam/Content/StarterContent/Particles/P_Smoke.uasset" 771
"../../../../../../Jeux Unreal/StormJam/Content/StarterContent/Audio/Smoke01_Cue.uasset" 772
"../../../../../../Jeux Unreal/StormJam/Content/StarterContent/Blueprints/Blueprint_Effect_Smoke.uasset" 773
"../../../../../../Jeux Unreal/StormJam/Content/StarterContent/Particles/Materials/M_Heat_Distortion.uasset" 774
"../../../../../../Jeux Unreal/StormJam/Content/StarterContent/Textures/T_Fire_Tiled_D.uasset" 775
"../../../../../../Jeux Unreal/StormJam/Content/StarterContent/Textures/T_Fire_SubUV.uasset" 776
"../../../../../../Jeux Unreal/StormJam/Content/StarterContent/Particles/Materials/M_Fire_SubUV.uasset" 777
"../../../../../../Jeux Unreal/StormJam/Content/StarterContent/Particles/P_Fire.uasset" 778
"../../../../../../Jeux Unreal/StormJam/Content/StarterContent/Audio/Fire01_Cue.uasset" 779
"../../../../../../Jeux Unreal/StormJam/Content/StarterContent/Blueprints/Blueprint_Effect_Fire.uasset" 780
"../../../../../../Jeux Unreal/StormJam/Content/StarterContent/Props/SM_Lamp_Ceiling.uasset" 781
"../../../../../../Jeux Unreal/StormJam/Content/StarterContent/Blueprints/Blueprint_CeilingLight.uasset" 782
"../../../../../../Jeux Unreal/StormJam/Content/StarterContent/Audio/Starter_Music_Cue.uasset" 783
"../../../../../../Jeux Unreal/StormJam/Content/StarterContent/Audio/Collapse_Cue.uasset" 784
"../../../../../../Jeux Unreal/StormJam/Content/StarterContent/Architecture/Wall_Window_400x300.uasset" 785
"../../../../../../Jeux Unreal/StormJam/Content/StarterContent/Architecture/Wall_Door_400x300.uasset" 786
"../../../../../../Jeux Unreal/StormJam/Content/StarterContent/Architecture/Wall_400x200.uasset" 787
"../../../../../../Jeux Unreal/StormJam/Content/StarterContent/Maps/StarterMap.umap" 788
"../../../../../../Jeux Unreal/StormJam/Content/Sounds/StormAmbiant.uasset" 789
"../../../../../../Jeux Unreal/StormJam/Content/Fonts/BauhausItalic.uasset" 790
"../../../../../../Jeux Unreal/StormJam/Content/Fonts/BauhausItalic_Font.uasset" 791
"../../../../../../Jeux Unreal/StormJam/Content/Sounds/bt_click.uasset" 792
"../../../../../../Jeux Unreal/StormJam/Content/Sounds/bt_hover.uasset" 793
"../../../../../../Jeux Unreal/StormJam/Content/ART/KEY_ART/AIRPLANE_EATER_KEY_ART.uasset" 794
"../../../../../../Jeux Unreal/StormJam/Content/Blueprints/MenuWidget.uasset" 795
"../../../../../../Jeux Unreal/StormJam/Content/TopDownBP/Maps/Menu.umap" 796
"../../../../../../Jeux Unreal/StormJam/Content/TopDownBP/Blueprints/M_Cursor_Decal.uasset" 797
"../../../../../../Jeux Unreal/StormJam/Content/Sounds/suck2.uasset" 798
"../../../../../../Jeux Unreal/StormJam/Content/Sounds/suck1.uasset" 799
"../../../../../../Jeux Unreal/StormJam/Content/Sounds/SuctionCue.uasset" 800
"../../../../../../Jeux Unreal/StormJam/Content/Sounds/LevelUp.uasset" 801
"../../../../../../Jeux Unreal/StormJam/Content/Mannequin/Character/Mesh/SK_Mannequin_PhysicsAsset.uasset" 802
"../../../../../../Jeux Unreal/StormJam/Content/Mannequin/Character/Mesh/SK_Mannequin.uasset" 803
"../../../../../../Jeux Unreal/StormJam/Content/TopDownBP/Blueprints/TopDownCharacter.uasset" 804
"../../../../../../Jeux Unreal/StormJam/Content/TopDownBP/Blueprints/TopDownController.uasset" 805
"../../../../../../Jeux Unreal/StormJam/Content/TopDownBP/Blueprints/TopDownGameMode.uasset" 806
"../../../../../../Jeux Unreal/StormJam/Content/WaterMaterials/Textures/T_Water_Normal_Large.uasset" 807
"../../../../../../Jeux Unreal/StormJam/Content/WaterMaterials/Textures/T_Water_Normal.uasset" 808
"../../../../../../Jeux Unreal/StormJam/Content/WaterMaterials/Textures/T_Water_Normal_Subtle.uasset" 809
"../../../../../../Jeux Unreal/StormJam/Content/WaterMaterials/Textures/T_SpecularHighlights.uasset" 810
"../../../../../../Jeux Unreal/StormJam/Content/WaterMaterials/Materials/MPC_Globals.uasset" 811
"../../../../../../Jeux Unreal/StormJam/Content/WaterMaterials/Materials/MF_FakeSpecular.uasset" 812
"../../../../../../Jeux Unreal/StormJam/Content/WaterMaterials/Textures/T_Cubemap.uasset" 813
"../../../../../../Jeux Unreal/StormJam/Content/WaterMaterials/Materials/M_Water_Opaque.uasset" 814
"../../../../../../Jeux Unreal/StormJam/Content/TopDownBP/Maps/TopDownExampleMap_BuiltData.uasset" 815
"../../../../../../Jeux Unreal/StormJam/Content/Geometry/Meshes/1M_Cube.uasset" 816
"../../../../../../Jeux Unreal/StormJam/Content/Blueprints/M_OutOfBounds.uasset" 817
"../../../../../../Jeux Unreal/StormJam/Content/Blueprints/PlaneSpawner.uasset" 818
"../../../../../../Jeux Unreal/StormJam/Content/Fonts/BauhausRegular.uasset" 819
"../../../../../../Jeux Unreal/StormJam/Content/Fonts/BauhausRegular_Font.uasset" 820
"../../../../../../Jeux Unreal/StormJam/Content/Blueprints/EndWidget.uasset" 821
"../../../../../../Jeux Unreal/StormJam/Content/Blueprints/ScoreWidget.uasset" 822
"../../../../../../Jeux Unreal/StormJam/Content/TopDownBP/Maps/TopDownExampleMap.umap" 823
"../../../../../../Jeux Unreal/StormJam/Content/WaterMaterials/Textures/T_Waterfall_Foam.uasset" 824
"../../../../../../Jeux Unreal/StormJam/Content/WaterMaterials/Materials/M_Waterfall_Foam.uasset" 825
"../../../../../../Jeux Unreal/StormJam/Content/WaterMaterials/Particles/P_Waterfall_Foam.uasset" 826
"../../../../../../Jeux Unreal/StormJam/Content/WaterMaterials/Textures/T_WaterSplash2.uasset" 827
"../../../../../../Jeux Unreal/StormJam/Content/WaterMaterials/Textures/T_WaterSplash2_N.uasset" 828
"../../../../../../Jeux Unreal/StormJam/Content/WaterMaterials/Textures/T_FrameClamp.uasset" 829
"../../../../../../Jeux Unreal/StormJam/Content/WaterMaterials/Textures/T_Noises.uasset" 830
"../../../../../../Jeux Unreal/StormJam/Content/WaterMaterials/Materials/M_WaterSplash.uasset" 831
"../../../../../../Jeux Unreal/StormJam/Content/WaterMaterials/Particles/P_Water_Splashes.uasset" 832
"../../../../../../Jeux Unreal/StormJam/Content/WaterMaterials/Textures/T_Waterfall_Foam_Directional.uasset" 833
"../../../../../../Jeux Unreal/StormJam/Content/WaterMaterials/Textures/T_Noise_Stormy.uasset" 834
"../../../../../../Jeux Unreal/StormJam/Content/WaterMaterials/Materials/M_Waterfall.uasset" 835
"../../../../../../Jeux Unreal/StormJam/Content/WaterMaterials/Meshes/SM_Waterfall_Base.uasset" 836
"../../../../../../Jeux Unreal/StormJam/Content/WaterMaterials/Materials/MIC_Waterfall_Arc.uasset" 837
"../../../../../../Jeux Unreal/StormJam/Content/WaterMaterials/Meshes/SM_Waterfall_Arc.uasset" 838
"../../../../../../Jeux Unreal/StormJam/Content/WaterMaterials/Textures/T_Ocean_Waves_Shore_Normals.uasset" 839
"../../../../../../Jeux Unreal/StormJam/Content/WaterMaterials/Textures/T_Ocean_Waves_Shore.uasset" 840
"../../../../../../Jeux Unreal/StormJam/Content/WaterMaterials/Textures/T_Ocean_Waves02_Normals.uasset" 841
"../../../../../../Jeux Unreal/StormJam/Content/WaterMaterials/Textures/T_Ocean_Waves02.uasset" 842
"../../../../../../Jeux Unreal/StormJam/Content/WaterMaterials/Textures/T_Ocean_Waves01_Normals.uasset" 843
"../../../../../../Jeux Unreal/StormJam/Content/WaterMaterials/Textures/T_Ocean_Waves01.uasset" 844
"../../../../../../Jeux Unreal/StormJam/Content/WaterMaterials/Textures/T_Ocean_Foam.uasset" 845
"../../../../../../Jeux Unreal/StormJam/Content/WaterMaterials/Textures/T_Ocean_EdgeFoam.uasset" 846
"../../../Engine/Content/Functions/Engine_MaterialFunctions02/ExampleContent/Textures/DebugNumberPeriod.uasset" 847
"../../../Engine/Content/Functions/Engine_MaterialFunctions02/ExampleContent/TextureBasedWPO/DemoBox_Normals.uasset" 848
"../../../Engine/Content/Functions/Engine_MaterialFunctions02/ExampleContent/TextureBasedWPO/DemoBox.uasset" 849
"../../../Engine/Content/Functions/Engine_MaterialFunctions02/ExampleContent/Greyscale.uasset" 850
"../../../Engine/Content/Functions/Engine_MaterialFunctions02/ExampleContent/Gradient.uasset" 851
"../../../Engine/Content/Functions/Engine_MaterialFunctions02/ExampleContent/DebugNumberStrip.uasset" 852
"../../../Engine/Content/Functions/Engine_MaterialFunctions01/Texturing/TextureCropping.uasset" 853
"../../../Engine/Content/Functions/Engine_MaterialFunctions01/Texturing/ComputeMipLevel.uasset" 854
"../../../Engine/Content/Functions/Engine_MaterialFunctions02/Utility/DebugScalarValues.uasset" 855
"../../../Engine/Content/Functions/Engine_MaterialFunctions02/Utility/DebugFloat4Values.uasset" 856
"../../../Engine/Content/Functions/Engine_MaterialFunctions02/Utility/DebugFloat3Values.uasset" 857
"../../../Engine/Content/Functions/Engine_MaterialFunctions02/PassThrough.uasset" 858
"../../../Engine/Content/Functions/Engine_MaterialFunctions02/Normals/UnpackNormalFromFloat.uasset" 859
"../../../Engine/Content/Functions/Engine_MaterialFunctions02/Math/TimeWithSpeedVariable.uasset" 860
"../../../Engine/Content/Functions/Engine_MaterialFunctions02/Gradients/GradientMap_Multi.uasset" 861
"../../../Engine/Content/Functions/Engine_MaterialFunctions02/MAXScripts/MS_VertexAnimationTools_MorphTargets.uasset" 862
"../../../../../../Jeux Unreal/StormJam/Content/WaterMaterials/Materials/MF_OceanWavesWPO.uasset" 863
"../../../../../../Jeux Unreal/StormJam/Content/WaterMaterials/Materials/MF_FixedDepth.uasset" 864
"../../../../../../Jeux Unreal/StormJam/Content/WaterMaterials/Materials/MF_OceanDepth_UVs.uasset" 865
"../../../../../../Jeux Unreal/StormJam/Content/WaterMaterials/Materials/MF_OceanWave_Motion.uasset" 866
"../../../../../../Jeux Unreal/StormJam/Content/WaterMaterials/Materials/MF_Foam_Motion.uasset" 867
"../../../../../../Jeux Unreal/StormJam/Content/WaterMaterials/Materials/M_Ocean.uasset" 868
"../../../../../../Jeux Unreal/StormJam/Content/WaterMaterials/Meshes/SM_Water_Plane.uasset" 869
"../../../../../../Jeux Unreal/StormJam/Content/WaterMaterials/Textures/T_Sand_N.uasset" 870
"../../../../../../Jeux Unreal/StormJam/Content/WaterMaterials/Textures/T_Sand.uasset" 871
"../../../../../../Jeux Unreal/StormJam/Content/WaterMaterials/Textures/T_Caustics.uasset" 872
"../../../../../../Jeux Unreal/StormJam/Content/WaterMaterials/Materials/M_Sand.uasset" 873
"../../../../../../Jeux Unreal/StormJam/Content/WaterMaterials/Meshes/SM_Shore.uasset" 874
"../../../../../../Jeux Unreal/StormJam/Content/WaterMaterials/Textures/T_Riverbank_N.uasset" 875
"../../../../../../Jeux Unreal/StormJam/Content/WaterMaterials/Textures/T_Riverbank.uasset" 876
"../../../../../../Jeux Unreal/StormJam/Content/WaterMaterials/Materials/MF_RiverWavesWPO.uasset" 877
"../../../../../../Jeux Unreal/StormJam/Content/WaterMaterials/Materials/M_Riverbank.uasset" 878
"../../../../../../Jeux Unreal/StormJam/Content/WaterMaterials/Meshes/SM_Riverbank.uasset" 879
"../../../../../../Jeux Unreal/StormJam/Content/WaterMaterials/Textures/T_Stone_N.uasset" 880
"../../../../../../Jeux Unreal/StormJam/Content/WaterMaterials/Textures/T_Stone.uasset" 881
"../../../../../../Jeux Unreal/StormJam/Content/WaterMaterials/Materials/M_River_Rock.uasset" 882
"../../../../../../Jeux Unreal/StormJam/Content/WaterMaterials/Meshes/SM_River_Rock.uasset" 883
"../../../../../../Jeux Unreal/StormJam/Content/WaterMaterials/Materials/M_RapidsBank.uasset" 884
"../../../../../../Jeux Unreal/StormJam/Content/WaterMaterials/Meshes/SM_RapidsBank.uasset" 885
"../../../../../../Jeux Unreal/StormJam/Content/WaterMaterials/Textures/T_Water_EdgeNormals.uasset" 886
"../../../../../../Jeux Unreal/StormJam/Content/WaterMaterials/Materials/M_Rapids.uasset" 887
"../../../../../../Jeux Unreal/StormJam/Content/WaterMaterials/Meshes/SM_Rapids.uasset" 888
"../../../../../../Jeux Unreal/StormJam/Content/WaterMaterials/Meshes/SM_LakeBank.uasset" 889
"../../../../../../Jeux Unreal/StormJam/Content/WaterMaterials/Meshes/SM_Island.uasset" 890
"../../../../../../Jeux Unreal/StormJam/Content/WaterMaterials/Meshes/SM_Cliff.uasset" 891
"../../../Engine/Content/BasicShapes/Plane.uasset" 892
"../../Plugins/FX/Niagara/Content/Enums/ENiagaraVector3_Channels.uasset" 893
"../../Plugins/FX/Niagara/Content/Enums/ENiagaraRandomnessMode.uasset" 894
"../../Plugins/FX/Niagara/Content/Functions/GetRandomInfo.uasset" 895
"../../Plugins/FX/Niagara/Content/Functions/RandomRangeInteger.uasset" 896
"../../Plugins/FX/Niagara/Content/Enums/ENiagara_SubUVLookupMode.uasset" 897
"../../Plugins/FX/Niagara/Content/Modules/Update/SubUV/V2/SubUVAnimation.uasset" 898
"../../Plugins/FX/Niagara/Content/Enums/ENiagaraCoordinateSpace.uasset" 899
"../../Plugins/FX/Niagara/Content/Functions/Localspace/TransformBase.uasset" 900
"../../Plugins/FX/Niagara/Content/Functions/Localspace/TransformVector.uasset" 901
"../../Plugins/FX/Niagara/Content/Modules/Spawn/Velocity/AddVelocity.uasset" 902
"../../Plugins/FX/Niagara/Content/Enums/ENiagaraRandomnessEvaluation.uasset" 903
"../../Plugins/FX/Niagara/Content/Functions/V2/CalculateRandomRange.uasset" 904
"../../Plugins/FX/Niagara/Content/DynamicInputs/UniformRange/V2/RandomRangeVector.uasset" 905
"../../Plugins/FX/Niagara/Content/DynamicInputs/TypeConversions/MakeVector2D.uasset" 906
"../../Plugins/FX/Niagara/Content/Functions/ChannelMasks/SelectV3Channel.uasset" 907
"../../Plugins/FX/Niagara/Content/DynamicInputs/TypeConversions/MakeFloatFromVector.uasset" 908
"../../Plugins/FX/Niagara/Content/Enums/ENiagaraSystemInactiveMode.uasset" 909
"../../Plugins/FX/Niagara/Content/Enums/ENiagaraScaleColorMode.uasset" 910
"../../Plugins/FX/Niagara/Content/Enums/ENiagaraInactiveMode.uasset" 911
"../../Plugins/FX/Niagara/Content/Enums/ENiagaraEmitterScalabilityMode_Limited.uasset" 912
"../../Plugins/FX/Niagara/Content/Enums/ENiagaraEmitterLifeCycleMode.uasset" 913
"../../Plugins/FX/Niagara/Content/Enums/ENiagaraChannelCorrelation.uasset" 914
"../../Plugins/FX/Niagara/Content/Enums/ENiagara_UVFlippingMode.uasset" 915
"../../Plugins/FX/Niagara/Content/Enums/ENiagara_SpriteRotationMode.uasset" 916
"../../Plugins/FX/Niagara/Content/Enums/ENiagara_SizeScaleMode.uasset" 917
"../../Plugins/FX/Niagara/Content/Enums/ENiagara_PositionInitializationMode.uasset" 918
"../../Plugins/FX/Niagara/Content/Enums/ENiagara_LifetimeMode.uasset" 919
"../../Plugins/FX/Niagara/Content/Enums/ENiagara_InfiniteLoopDuration.uasset" 920
"../../Plugins/FX/Niagara/Content/Enums/ENiagara_EmitterStateOptions.uasset" 921
"../../Plugins/FX/Niagara/Content/Enums/ENiagara_ColorInitializationMode.uasset" 922
"../../Plugins/FX/Niagara/Content/Modules/Update/Size/ScaleSpriteSize.uasset" 923
"../../Plugins/FX/Niagara/Content/Modules/Update/Material/DynamicMaterialParameters.uasset" 924
"../../Plugins/FX/Niagara/Content/Modules/Update/Lifetime/ParticleState.uasset" 925
"../../Plugins/FX/Niagara/Content/Modules/Update/Color/ScaleColor.uasset" 926
"../../Plugins/FX/Niagara/Content/Functions/System/SystemChangeState.uasset" 927
"../../Plugins/FX/Niagara/Content/Modules/System/SystemState.uasset" 928
"../../Plugins/FX/Niagara/Content/Functions/V2/CalculateRandomRangeInteger.uasset" 929
"../../Plugins/FX/Niagara/Content/Functions/V2/CalculateRandomBool.uasset" 930
"../../Plugins/FX/Niagara/Content/Functions/V2/CalculateRandomRangeFloat.uasset" 931
"../../Plugins/FX/Niagara/Content/Functions/LinearColor/HueShiftLinearColor.uasset" 932
"../../Plugins/FX/Niagara/Content/Functions/Localspace/SimulationPosition.uasset" 933
"../../Plugins/FX/Niagara/Content/Enums/ENiagara_MassInitializationMode.uasset" 934
"../../Plugins/FX/Niagara/Content/Modules/Spawn/Initialization/V2/InitializeParticle.uasset" 935
"../../Plugins/FX/Niagara/Content/Functions/DirectionAndLengthSafe.uasset" 936
"../../Plugins/FX/Niagara/Content/Modules/Solvers/SolveForcesAndVelocity.uasset" 937
"../../Plugins/FX/Niagara/Content/Functions/RandomRangeFloat.uasset" 938
"../../Plugins/FX/Niagara/Content/Modules/Emitter/SpawnRate.uasset" 939
"../../Plugins/FX/Niagara/Content/Functions/Emitter/EmitterChangeState.uasset" 940
"../../Plugins/FX/Niagara/Content/Enums/ENiagaraExecutionStateManagement.uasset" 941
"../../Plugins/FX/Niagara/Content/Modules/Emitter/EmitterState.uasset" 942
"../../Plugins/FX/Niagara/Content/DynamicInputs/ValueFromCurve/Vector2DFromCurve.uasset" 943
"../../Plugins/FX/Niagara/Content/DynamicInputs/ValueFromCurve/FloatFromCurve.uasset" 944
"../../Plugins/FX/Niagara/Content/DynamicInputs/UniformRange/V2/RandomRangeFloat.uasset" 945
"../../../../../../Jeux Unreal/StormJam/Content/WaterMaterials/Particles/NS_WaterSplashes.uasset" 946
"../../Plugins/FX/Niagara/Content/Enums/ENiagaraExpansionMode.uasset" 947
"../../Plugins/FX/Niagara/Content/Modules/Update/Orientation/SpriteRotationRate.uasset" 948
"../../Plugins/FX/Niagara/Content/Functions/RandomPointInBox.uasset" 949
"../../Plugins/FX/Niagara/Content/Functions/IsolateLongestVectorComponent.uasset" 950
"../../Plugins/FX/Niagara/Content/Functions/Rotation/RotateAngleOnAxis.uasset" 951
"../../Plugins/FX/Niagara/Content/Modules/Spawn/Location/BoxLocation.uasset" 952
"../../Plugins/FX/Niagara/Content/DynamicInputs/TypeConversions/VectorFromFloat.uasset" 953
"../../Plugins/FX/Niagara/Content/DynamicInputs/Angles/NormalizedAngleToDegrees.uasset" 954
"../../../../../../Jeux Unreal/StormJam/Content/WaterMaterials/Particles/NS_WaterfallFoam.uasset" 955
"../../../../../../Jeux Unreal/StormJam/Content/WaterMaterials/Materials/M_Waterfall_Cheaper.uasset" 956
"../../../../../../Jeux Unreal/StormJam/Content/WaterMaterials/Materials/MIC_Waterfall_Arc_Cheaper.uasset" 957
"../../../../../../Jeux Unreal/StormJam/Content/WaterMaterials/Materials/MIC_Riverbank_Pond.uasset" 958
"../../../../../../Jeux Unreal/StormJam/Content/WaterMaterials/Textures/T_Pond_SurfacePlants_N.uasset" 959
"../../../../../../Jeux Unreal/StormJam/Content/WaterMaterials/Textures/T_Pond_Scum.uasset" 960
"../../../../../../Jeux Unreal/StormJam/Content/WaterMaterials/Textures/T_Pond_Plants.uasset" 961
"../../../../../../Jeux Unreal/StormJam/Content/WaterMaterials/Textures/T_Pond_Moss.uasset" 962
"../../../../../../Jeux Unreal/StormJam/Content/WaterMaterials/Textures/T_Pond_Foam.uasset" 963
"../../../../../../Jeux Unreal/StormJam/Content/WaterMaterials/Textures/T_Noise_Progressive.uasset" 964
"../../../../../../Jeux Unreal/StormJam/Content/WaterMaterials/Textures/T_Noise_Curves.uasset" 965
"../../../../../../Jeux Unreal/StormJam/Content/WaterMaterials/Textures/T_Pond_SurfacePlants.uasset" 966
"../../../../../../Jeux Unreal/StormJam/Content/WaterMaterials/Materials/M_PondScum_Cheaper.uasset" 967
"../../../../../../Jeux Unreal/StormJam/Content/WaterMaterials/Materials/MIC_PondScum_Cheaper.uasset" 968
"../../../../../../Jeux Unreal/StormJam/Content/WaterMaterials/Materials/M_PondScum.uasset" 969
"../../../../../../Jeux Unreal/StormJam/Content/WaterMaterials/Materials/MIC_PondScum.uasset" 970
"../../../../../../Jeux Unreal/StormJam/Content/WaterMaterials/Textures/T_Lake_Waves02_Normals.uasset" 971
"../../../../../../Jeux Unreal/StormJam/Content/WaterMaterials/Textures/T_Lake_Waves01_Normals.uasset" 972
"../../../../../../Jeux Unreal/StormJam/Content/WaterMaterials/Textures/T_Lake_Waves01.uasset" 973
"../../../Engine/Content/Functions/Engine_MaterialFunctions02/Utility/Swizzle.uasset" 974
"../../../../../../Jeux Unreal/StormJam/Content/WaterMaterials/Textures/T_Lake_Waves02.uasset" 975
"../../../../../../Jeux Unreal/StormJam/Content/WaterMaterials/Materials/MF_RiverDepth_UVs.uasset" 976
"../../../../../../Jeux Unreal/StormJam/Content/WaterMaterials/Materials/M_Lake_Cheaper.uasset" 977
"../../../../../../Jeux Unreal/StormJam/Content/WaterMaterials/Materials/MIC_Lake_Waterfall_Cheaper.uasset" 978
"../../../../../../Jeux Unreal/StormJam/Content/WaterMaterials/Materials/M_Lake.uasset" 979
"../../../../../../Jeux Unreal/StormJam/Content/WaterMaterials/Materials/MIC_Lake_Waterfall.uasset" 980
"../../../../../../Jeux Unreal/StormJam/Content/WaterMaterials/Materials/M_Water_Clean_Cheaper.uasset" 981
"../../../../../../Jeux Unreal/StormJam/Content/WaterMaterials/Materials/M_Water_Clean.uasset" 982
"../../../../../../Jeux Unreal/StormJam/Content/WaterMaterials/Textures/T_River_Waves01_Normals.uasset" 983
"../../../../../../Jeux Unreal/StormJam/Content/WaterMaterials/Textures/T_River_Waves01.uasset" 984
"../../../../../../Jeux Unreal/StormJam/Content/WaterMaterials/Materials/M_River_Cheaper.uasset" 985
"../../../../../../Jeux Unreal/StormJam/Content/WaterMaterials/Textures/T_River_Waves02_Normals.uasset" 986
"../../../../../../Jeux Unreal/StormJam/Content/WaterMaterials/Textures/T_River_Waves02.uasset" 987
"../../../../../../Jeux Unreal/StormJam/Content/WaterMaterials/Materials/M_River.uasset" 988
"../../../../../../Jeux Unreal/StormJam/Content/WaterMaterials/Materials/M_Rapids_Cheaper.uasset" 989
"../../../../../../Jeux Unreal/StormJam/Content/WaterMaterials/Materials/MF_OceanDepth_UVs_Radial.uasset" 990
"../../../../../../Jeux Unreal/StormJam/Content/WaterMaterials/Materials/MF_OceanWave_Motion_Radial.uasset" 991
"../../../../../../Jeux Unreal/StormJam/Content/WaterMaterials/Materials/MF_Foam_Motion_Radial.uasset" 992
"../../../../../../Jeux Unreal/StormJam/Content/WaterMaterials/Materials/M_Ocean_Radial_Cheaper.uasset" 993
"../../../../../../Jeux Unreal/StormJam/Content/WaterMaterials/Materials/M_Ocean_Radial.uasset" 994
"../../../../../../Jeux Unreal/StormJam/Content/WaterMaterials/Materials/M_Ocean_Distance.uasset" 995
"../../../../../../Jeux Unreal/StormJam/Content/WaterMaterials/Materials/M_Ocean_Cheaper.uasset" 996
"../../../../../../Jeux Unreal/StormJam/Content/WaterMaterials/Materials/M_Caustics.uasset" 997
"../../../../../../Jeux Unreal/StormJam/Content/WaterMaterials/Textures/T_Water_Pixelated.uasset" 998
"../../../../../../Jeux Unreal/StormJam/Content/WaterMaterials/Textures/T_Water_Gradient.uasset" 999
"../../../Engine/Content/Functions/Engine_MaterialFunctions02/Utility/Sign.uasset" 1000
"../../../Engine/Content/Functions/Engine_MaterialFunctions02/Utility/Round.uasset" 1001
"../../../Engine/Content/Functions/Engine_MaterialFunctions02/Utility/DebugFloat2Values.uasset" 1002
"../../../Engine/Content/Functions/Engine_MaterialFunctions02/ExampleContent/Textures/flipbook.uasset" 1003
"../../../Engine/Content/Functions/Engine_MaterialFunctions02/Texturing/FlipBook.uasset" 1004
"../../../../../../Jeux Unreal/StormJam/Content/WaterMaterials/Materials/M_Water_Pixelated.uasset" 1005
"../../../../../../Jeux Unreal/StormJam/Content/WaterMaterials/Blueprints/BP_Sunlight.uasset" 1006
"../../../../../../Jeux Unreal/StormJam/Content/WaterMaterials/Maps/Overview.umap" 1007
"../../../Engine/Content/Maps/Entry_BuiltData.uasset" 1008
"../../../Engine/Content/Maps/Entry.umap" 1009
